[0.007s] Invoking command in '/home/yalcinolgac/ros2_ws/build/day2_2': CMAKE_PREFIX_PATH=/home/yalcinolgac/ros2_ws/install/day2:/home/yalcinolgac/ros2_ws/install/day2_2:/home/yalcinolgac/ros2_ws/install/day1:/opt/ros/jazzy/opt/gz_sim_vendor:/opt/ros/jazzy/opt/gz_sensors_vendor:/opt/ros/jazzy/opt/gz_physics_vendor:/opt/ros/jazzy/opt/sdformat_vendor:/opt/ros/jazzy/opt/gz_gui_vendor:/opt/ros/jazzy/opt/gz_transport_vendor:/opt/ros/jazzy/opt/gz_rendering_vendor:/opt/ros/jazzy/opt/gz_plugin_vendor:/opt/ros/jazzy/opt/gz_fuel_tools_vendor:/opt/ros/jazzy/opt/gz_msgs_vendor:/opt/ros/jazzy/opt/gz_common_vendor:/opt/ros/jazzy/opt/gz_math_vendor:/opt/ros/jazzy/opt/gz_utils_vendor:/opt/ros/jazzy/opt/gz_tools_vendor:/opt/ros/jazzy/opt/gz_ogre_next_vendor:/opt/ros/jazzy/opt/gz_dartsim_vendor:/opt/ros/jazzy/opt/gz_cmake_vendor:/opt/ros/jazzy DEBUGINFOD_URLS=https://debuginfod.ubuntu.com /usr/bin/cmake --build /home/yalcinolgac/ros2_ws/build/day2_2 -- -j32 -l32
[0.049s] [ 18%] Built target robot_command_server_node
[0.049s] [ 18%] Built target filtering_subscriber_node
[0.049s] [ 27%] Built target robot_publisher_node
[0.049s] [ 36%] Built target robot_status_service_node
[0.050s] [ 45%] Built target robot_subscriber_node
[0.052s] [ 50%] [32mBuilding CXX object CMakeFiles/navigate_action_client.dir/src/navigate_action_client.cpp.o[0m
[0.052s] [ 54%] [32mBuilding CXX object CMakeFiles/navigate_action_server.dir/src/navigate_action_server.cpp.o[0m
[0.053s] [ 63%] Built target robot_command_client_node
[0.054s] [ 72%] Built target sensor_simulator_node
[0.054s] [ 90%] Built target performance_test_node
[0.054s] [ 90%] Built target message_analyzer_node
[1.445s] [01m[K/home/yalcinolgac/ros2_ws/src/day2_2/src/navigate_action_client.cpp:[m[K In member function â€˜[01m[Kvoid NavigateActionClient::[01;32m[Ksend_navigation_goal[m[K(const day2::action::Navigate::Goal&)[m[Kâ€™:
[1.445s] [01m[K/home/yalcinolgac/ros2_ws/src/day2_2/src/navigate_action_client.cpp:216:13:[m[K [01;31m[Kerror: [m[Kno match for â€˜[01m[Koperator=[m[Kâ€™ (operand types are â€˜[01m[Krclcpp_action::Client<day2::action::Navigate>::GoalResponseCallback[m[Kâ€™ {aka â€˜[01m[Kstd::function<void(std::shared_ptr<rclcpp_action::ClientGoalHandle<day2::action::Navigate> >)>[m[Kâ€™} and â€˜[01m[KNavigateActionClient::send_navigation_goal(const day2::action::Navigate::Goal&)::<lambda(std::shared_future<std::shared_ptr<rclcpp_action::ClientGoalHandle<day2::action::Navigate> > >)>[m[Kâ€™)
[1.445s]   216 |             [01;31m[K}[m[K;
[1.445s]       |             [01;31m[K^[m[K
[1.445s] In file included from [01m[K/usr/include/c++/13/functional:59[m[K,
[1.445s]                  from [01m[K/opt/ros/jazzy/include/rclcpp/rclcpp/utilities.hpp:19[m[K,
[1.445s]                  from [01m[K/opt/ros/jazzy/include/rclcpp/rclcpp/logging.hpp:25[m[K,
[1.445s]                  from [01m[K/opt/ros/jazzy/include/rclcpp/rclcpp/copy_all_parameter_values.hpp:27[m[K,
[1.445s]                  from [01m[K/opt/ros/jazzy/include/rclcpp/rclcpp/rclcpp.hpp:171[m[K,
[1.445s]                  from [01m[K/home/yalcinolgac/ros2_ws/src/day2_2/src/navigate_action_client.cpp:6[m[K:
[1.445s] [01m[K/usr/include/c++/13/bits/std_function.h:531:9:[m[K [01;36m[Knote: [m[Kcandidate: â€˜[01m[Ktemplate<class _Functor> std::function<_Res(_ArgTypes ...)>::_Requires<std::function<_Res(_ArgTypes ...)>::_Callable<_Functor>, std::function<_Res(_ArgTypes ...)>&> std::function<_Res(_ArgTypes ...)>::[01;32m[Koperator=[m[K(_Functor&&) [35m[K[with _Res = void; _ArgTypes = {std::shared_ptr<rclcpp_action::ClientGoalHandle<day2::action::Navigate> >}][m[K[m[Kâ€™
[1.445s]   531 |         [01;36m[Koperator[m[K=(_Functor&& __f)
[1.446s]       |         [01;36m[K^~~~~~~~[m[K
[1.446s] [01m[K/usr/include/c++/13/bits/std_function.h:531:9:[m[K [01;36m[Knote: [m[K  template argument deduction/substitution failed:
[1.446s] In file included from [01m[K/usr/include/c++/13/bits/move.h:37[m[K,
[1.446s]                  from [01m[K/usr/include/c++/13/bits/new_allocator.h:36[m[K,
[1.446s]                  from [01m[K/usr/include/x86_64-linux-gnu/c++/13/bits/c++allocator.h:33[m[K,
[1.446s]                  from [01m[K/usr/include/c++/13/bits/allocator.h:46[m[K,
[1.446s]                  from [01m[K/usr/include/c++/13/memory:65[m[K,
[1.446s]                  from [01m[K/home/yalcinolgac/ros2_ws/src/day2_2/src/navigate_action_client.cpp:1[m[K:
[1.446s] /usr/include/c++/13/type_traits: In substitution of â€˜[01m[Ktemplate<bool _Cond, class _Tp> using std::__enable_if_t = typename std::enable_if::type [35m[K[with bool _Cond = false; _Tp = std::function<void(std::shared_ptr<rclcpp_action::ClientGoalHandle<day2::action::Navigate> >)>&][m[K[m[Kâ€™:
[1.446s] [01m[K/usr/include/c++/13/bits/std_function.h:353:8:[m[K   required by substitution of â€˜[01m[Ktemplate<class _Res, class ... _ArgTypes> template<class _Cond, class _Tp> using std::function<_Res(_ArgTypes ...)>::_Requires = std::__enable_if_t<_Cond::value, _Tp> [35m[K[with _Cond = std::function<void(std::shared_ptr<rclcpp_action::ClientGoalHandle<day2::action::Navigate> >)>::_Callable<NavigateActionClient::send_navigation_goal(const day2::action::Navigate::Goal&)::<lambda(std::shared_future<std::shared_ptr<rclcpp_action::ClientGoalHandle<day2::action::Navigate> > >)>, NavigateActionClient::send_navigation_goal(const day2::action::Navigate::Goal&)::<lambda(std::shared_future<std::shared_ptr<rclcpp_action::ClientGoalHandle<day2::action::Navigate> > >)>, std::__invoke_result<NavigateActionClient::send_navigation_goal(const day2::action::Navigate::Goal&)::<lambda(std::shared_future<std::shared_ptr<rclcpp_action::ClientGoalHandle<day2::action::Navigate> > >)>&, std::shared_ptr<rclcpp_action::ClientGoalHandle<day2::action::Navigate> > > >; _Tp = std::function<void(std::shared_ptr<rclcpp_action::ClientGoalHandle<day2::action::Navigate> >)>&; _Res = void; _ArgTypes = {std::shared_ptr<rclcpp_action::ClientGoalHandle<day2::action::Navigate> >}][m[K[m[Kâ€™
[1.446s] [01m[K/usr/include/c++/13/bits/std_function.h:531:2:[m[K   required by substitution of â€˜[01m[Ktemplate<class _Functor> std::function<void(std::shared_ptr<rclcpp_action::ClientGoalHandle<day2::action::Navigate> >)>::_Requires<std::function<void(std::shared_ptr<rclcpp_action::ClientGoalHandle<day2::action::Navigate> >)>::_Callable<_Functor, typename std::enable_if<(! std::is_same<typename std::remove_cv<typename std::remove_reference<_Tp>::type>::type, std::function<void(std::shared_ptr<rclcpp_action::ClientGoalHandle<day2::action::Navigate> >)> >::value), std::decay<_Ex> >::type::type, std::__invoke_result<typename std::enable_if<(! std::is_same<typename std::remove_cv<typename std::remove_reference<_Tp>::type>::type, std::function<void(std::shared_ptr<rclcpp_action::ClientGoalHandle<day2::action::Navigate> >)> >::value), std::decay<_Ex> >::type::type&, std::shared_ptr<rclcpp_action::ClientGoalHandle<day2::action::Navigate> > > >, std::function<void(std::shared_ptr<rclcpp_action::ClientGoalHandle<day2::action::Navigate> >)>&> std::function<void(std::shared_ptr<rclcpp_action::ClientGoalHandle<day2::action::Navigate> >)>::[01;32m[Koperator=[m[K(_Functor&&) [35m[K[with _Functor = NavigateActionClient::send_navigation_goal(const day2::action::Navigate::Goal&)::<lambda(std::shared_future<std::shared_ptr<rclcpp_action::ClientGoalHandle<day2::action::Navigate> > >)>][m[K[m[Kâ€™
[1.446s] [01m[K/home/yalcinolgac/ros2_ws/src/day2_2/src/navigate_action_client.cpp:216:13:[m[K   required from here
[1.446s] [01m[K/usr/include/c++/13/type_traits:116:11:[m[K [01;31m[Kerror: [m[Kno type named â€˜[01m[Ktype[m[Kâ€™ in â€˜[01m[Kstruct std::enable_if<false, std::function<void(std::shared_ptr<rclcpp_action::ClientGoalHandle<day2::action::Navigate> >)>&>[m[Kâ€™
[1.446s]   116 |     using [01;31m[K__enable_if_t[m[K = typename enable_if<_Cond, _Tp>::type;
[1.446s]       |           [01;31m[K^~~~~~~~~~~~~[m[K
[1.446s] [01m[K/usr/include/c++/13/bits/std_function.h:541:9:[m[K [01;36m[Knote: [m[Kcandidate: â€˜[01m[Ktemplate<class _Functor> std::function<_Res(_ArgTypes ...)>& std::function<_Res(_ArgTypes ...)>::[01;32m[Koperator=[m[K(std::reference_wrapper<_Functor>) [35m[K[with _Res = void; _ArgTypes = {std::shared_ptr<rclcpp_action::ClientGoalHandle<day2::action::Navigate> >}][m[K[m[Kâ€™
[1.446s]   541 |         [01;36m[Koperator[m[K=(reference_wrapper<_Functor> __f) noexcept
[1.446s]       |         [01;36m[K^~~~~~~~[m[K
[1.446s] [01m[K/usr/include/c++/13/bits/std_function.h:541:9:[m[K [01;36m[Knote: [m[K  template argument deduction/substitution failed:
[1.446s] [01m[K/home/yalcinolgac/ros2_ws/src/day2_2/src/navigate_action_client.cpp:216:13:[m[K [01;36m[Knote: [m[K  â€˜[01m[KNavigateActionClient::send_navigation_goal(const day2::action::Navigate::Goal&)::<lambda(std::shared_future<std::shared_ptr<rclcpp_action::ClientGoalHandle<day2::action::Navigate> > >)>[m[Kâ€™ is not derived from â€˜[01m[Kstd::reference_wrapper<_Tp>[m[Kâ€™
[1.446s]   216 |             [01;36m[K}[m[K;
[1.446s]       |             [01;36m[K^[m[K
[1.446s] [01m[K/usr/include/c++/13/bits/std_function.h:469:7:[m[K [01;36m[Knote: [m[Kcandidate: â€˜[01m[Kstd::function<_Res(_ArgTypes ...)>& std::function<_Res(_ArgTypes ...)>::[01;32m[Koperator=[m[K(const std::function<_Res(_ArgTypes ...)>&) [35m[K[with _Res = void; _ArgTypes = {std::shared_ptr<rclcpp_action::ClientGoalHandle<day2::action::Navigate> >}][m[K[m[Kâ€™
[1.446s]   469 |       [01;36m[Koperator[m[K=(const function& __x)
[1.446s]       |       [01;36m[K^~~~~~~~[m[K
[1.446s] [01m[K/usr/include/c++/13/bits/std_function.h:469:33:[m[K [01;36m[Knote: [m[K  no known conversion for argument 1 from â€˜[01m[KNavigateActionClient::send_navigation_goal(const day2::action::Navigate::Goal&)::<lambda(std::shared_future<std::shared_ptr<rclcpp_action::ClientGoalHandle<day2::action::Navigate> > >)>[m[Kâ€™ to â€˜[01m[Kconst std::function<void(std::shared_ptr<rclcpp_action::ClientGoalHandle<day2::action::Navigate> >)>&[m[Kâ€™
[1.446s]   469 |       operator=([01;36m[Kconst function& __x[m[K)
[1.446s]       |                 [01;36m[K~~~~~~~~~~~~~~~~^~~[m[K
[1.446s] [01m[K/usr/include/c++/13/bits/std_function.h:487:7:[m[K [01;36m[Knote: [m[Kcandidate: â€˜[01m[Kstd::function<_Res(_ArgTypes ...)>& std::function<_Res(_ArgTypes ...)>::[01;32m[Koperator=[m[K(std::function<_Res(_ArgTypes ...)>&&) [35m[K[with _Res = void; _ArgTypes = {std::shared_ptr<rclcpp_action::ClientGoalHandle<day2::action::Navigate> >}][m[K[m[Kâ€™
[1.446s]   487 |       [01;36m[Koperator[m[K=(function&& __x) noexcept
[1.446s]       |       [01;36m[K^~~~~~~~[m[K
[1.446s] [01m[K/usr/include/c++/13/bits/std_function.h:487:28:[m[K [01;36m[Knote: [m[K  no known conversion for argument 1 from â€˜[01m[KNavigateActionClient::send_navigation_goal(const day2::action::Navigate::Goal&)::<lambda(std::shared_future<std::shared_ptr<rclcpp_action::ClientGoalHandle<day2::action::Navigate> > >)>[m[Kâ€™ to â€˜[01m[Kstd::function<void(std::shared_ptr<rclcpp_action::ClientGoalHandle<day2::action::Navigate> >)>&&[m[Kâ€™
[1.446s]   487 |       operator=([01;36m[Kfunction&& __x[m[K) noexcept
[1.446s]       |                 [01;36m[K~~~~~~~~~~~^~~[m[K
[1.446s] [01m[K/usr/include/c++/13/bits/std_function.h:501:7:[m[K [01;36m[Knote: [m[Kcandidate: â€˜[01m[Kstd::function<_Res(_ArgTypes ...)>& std::function<_Res(_ArgTypes ...)>::[01;32m[Koperator=[m[K(std::nullptr_t) [35m[K[with _Res = void; _ArgTypes = {std::shared_ptr<rclcpp_action::ClientGoalHandle<day2::action::Navigate> >}; std::nullptr_t = std::nullptr_t][m[K[m[Kâ€™
[1.446s]   501 |       [01;36m[Koperator[m[K=(nullptr_t) noexcept
[1.446s]       |       [01;36m[K^~~~~~~~[m[K
[1.446s] [01m[K/usr/include/c++/13/bits/std_function.h:501:17:[m[K [01;36m[Knote: [m[K  no known conversion for argument 1 from â€˜[01m[KNavigateActionClient::send_navigation_goal(const day2::action::Navigate::Goal&)::<lambda(std::shared_future<std::shared_ptr<rclcpp_action::ClientGoalHandle<day2::action::Navigate> > >)>[m[Kâ€™ to â€˜[01m[Kstd::nullptr_t[m[Kâ€™
[1.447s]   501 |       operator=([01;36m[Knullptr_t[m[K) noexcept
[1.447s]       |                 [01;36m[K^~~~~~~~~[m[K
[2.054s] gmake[2]: *** [CMakeFiles/navigate_action_client.dir/build.make:76: CMakeFiles/navigate_action_client.dir/src/navigate_action_client.cpp.o] Error 1
[2.054s] gmake[1]: *** [CMakeFiles/Makefile2:417: CMakeFiles/navigate_action_client.dir/all] Error 2
[2.054s] gmake[1]: *** Waiting for unfinished jobs....
[2.375s] [ 95%] [32m[1mLinking CXX executable navigate_action_server[0m
[2.482s] [ 95%] Built target navigate_action_server
[2.482s] gmake: *** [Makefile:146: all] Error 2
[2.482s] Invoked command in '/home/yalcinolgac/ros2_ws/build/day2_2' returned '2': CMAKE_PREFIX_PATH=/home/yalcinolgac/ros2_ws/install/day2:/home/yalcinolgac/ros2_ws/install/day2_2:/home/yalcinolgac/ros2_ws/install/day1:/opt/ros/jazzy/opt/gz_sim_vendor:/opt/ros/jazzy/opt/gz_sensors_vendor:/opt/ros/jazzy/opt/gz_physics_vendor:/opt/ros/jazzy/opt/sdformat_vendor:/opt/ros/jazzy/opt/gz_gui_vendor:/opt/ros/jazzy/opt/gz_transport_vendor:/opt/ros/jazzy/opt/gz_rendering_vendor:/opt/ros/jazzy/opt/gz_plugin_vendor:/opt/ros/jazzy/opt/gz_fuel_tools_vendor:/opt/ros/jazzy/opt/gz_msgs_vendor:/opt/ros/jazzy/opt/gz_common_vendor:/opt/ros/jazzy/opt/gz_math_vendor:/opt/ros/jazzy/opt/gz_utils_vendor:/opt/ros/jazzy/opt/gz_tools_vendor:/opt/ros/jazzy/opt/gz_ogre_next_vendor:/opt/ros/jazzy/opt/gz_dartsim_vendor:/opt/ros/jazzy/opt/gz_cmake_vendor:/opt/ros/jazzy DEBUGINFOD_URLS=https://debuginfod.ubuntu.com /usr/bin/cmake --build /home/yalcinolgac/ros2_ws/build/day2_2 -- -j32 -l32
