-- Found ament_cmake: 2.5.4 (/opt/ros/jazzy/share/ament_cmake/cmake)
-- Found rclcpp: 28.1.9 (/opt/ros/jazzy/share/rclcpp/cmake)
-- Found rosidl_generator_c: 4.6.5 (/opt/ros/jazzy/share/rosidl_generator_c/cmake)
-- Found rosidl_generator_cpp: 4.6.5 (/opt/ros/jazzy/share/rosidl_generator_cpp/cmake)
-- Using all available rosidl_typesupport_c: rosidl_typesupport_fastrtps_c;rosidl_typesupport_introspection_c
-- Using all available rosidl_typesupport_cpp: rosidl_typesupport_fastrtps_cpp;rosidl_typesupport_introspection_cpp
-- Found rmw_implementation_cmake: 7.3.2 (/opt/ros/jazzy/share/rmw_implementation_cmake/cmake)
-- Found rmw_fastrtps_cpp: 8.4.2 (/opt/ros/jazzy/share/rmw_fastrtps_cpp/cmake)
-- Using RMW implementation 'rmw_fastrtps_cpp' as default
-- Found std_msgs: 5.3.6 (/opt/ros/jazzy/share/std_msgs/cmake)
-- Configuring done (0.5s)
-- Generating done (0.0s)
-- Build files have been written to: /home/yalcinolgac/ros2_ws/build/day1
[ 50%] [32mBuilding CXX object CMakeFiles/subscriber_node.dir/src/subscriber.cpp.o[0m
[ 50%] [32mBuilding CXX object CMakeFiles/publisher_node.dir/src/publisher.cpp.o[0m
[01m[K/home/yalcinolgac/ros2_ws/src/day1/src/publisher.cpp:62:3:[m[K [01;31m[Kerror: [m[Kexpected â€˜[01m[K;[m[Kâ€™ after class definition
   62 |  }
      |   [01;31m[K^[m[K
      |   [32m[K;[m[K
[01m[K/home/yalcinolgac/ros2_ws/src/day1/src/publisher.cpp:[m[K In constructor â€˜[01m[KSimplePublisher::[01;32m[KSimplePublisher[m[K()[m[Kâ€™:
[01m[K/home/yalcinolgac/ros2_ws/src/day1/src/publisher.cpp:25:59:[m[K [01;31m[Kerror: [m[Kâ€˜[01m[KString[m[Kâ€™ is not a member of â€˜[01m[Kstd_msgs[m[Kâ€™; did you mean â€˜[01m[Kstd_msgs::msg::String[m[Kâ€™?
   25 |             publisher_ = this->create_publisher<std_msgs::[01;31m[KString[m[K>("robot_info", 10);
      |                                                           [01;31m[K^~~~~~[m[K
In file included from [01m[K/opt/ros/jazzy/include/std_msgs/std_msgs/msg/string.hpp:7[m[K,
                 from [01m[K/home/yalcinolgac/ros2_ws/src/day1/src/publisher.cpp:8[m[K:
[01m[K/opt/ros/jazzy/include/std_msgs/std_msgs/msg/detail/string__struct.hpp:125:7:[m[K [01;36m[Knote: [m[Kâ€˜[01m[Kstd_msgs::msg::String[m[Kâ€™ declared here
  125 | using [01;36m[KString[m[K =
      |       [01;36m[K^~~~~~[m[K
[01m[K/home/yalcinolgac/ros2_ws/src/day1/src/publisher.cpp:25:66:[m[K [01;31m[Kerror: [m[Kno matching function for call to â€˜[01m[KSimplePublisher::create_publisher<<expression error> >(const char [11], int)[m[Kâ€™
   25 |         publisher_ = [01;31m[Kthis->create_publisher<std_msgs::String>("robot_info", 10)[m[K;
      |                      [01;31m[K~~~~~~~~~~~~~~~~~~~~~~~~~~~~~~~~~~~~~~~~^~~~~~~~~~~~~~~~~~[m[K

In file included from [01m[K/opt/ros/jazzy/include/rclcpp/rclcpp/executors/single_threaded_executor.hpp:28[m[K,
                 from [01m[K/opt/ros/jazzy/include/rclcpp/rclcpp/executors.hpp:22[m[K,
                 from [01m[K/opt/ros/jazzy/include/rclcpp/rclcpp/rclcpp.hpp:172[m[K,
                 from [01m[K/home/yalcinolgac/ros2_ws/src/day1/src/publisher.cpp:7[m[K:
[01m[K/opt/ros/jazzy/include/rclcpp/rclcpp/node.hpp:197:3:[m[K [01;36m[Knote: [m[Kcandidate: â€˜[01m[Ktemplate<class MessageT, class AllocatorT, class PublisherT> std::shared_ptr<PublisherT> rclcpp::Node::[01;32m[Kcreate_publisher[m[K(const std::string&, const rclcpp::QoS&, const rclcpp::PublisherOptionsWithAllocator<AllocatorT>&)[m[Kâ€™
  197 |   [01;36m[Kcreate_publisher[m[K(
      |   [01;36m[K^~~~~~~~~~~~~~~~[m[K
[01m[K/opt/ros/jazzy/include/rclcpp/rclcpp/node.hpp:197:3:[m[K [01;36m[Knote: [m[K  template argument deduction/substitution failed:
[01m[K/home/yalcinolgac/ros2_ws/src/day1/src/publisher.cpp:25:66:[m[K [01;31m[Kerror: [m[Ktemplate argument 1 is invalid
   25 |         publisher_ = [01;31m[Kthis->create_publisher<std_msgs::String>("robot_info", 10)[m[K;
      |                      [01;31m[K~~~~~~~~~~~~~~~~~~~~~~~~~~~~~~~~~~~~~~~~^~~~~~~~~~~~~~~~~~[m[K

[01m[K/home/yalcinolgac/ros2_ws/src/day1/src/publisher.cpp:31:45:[m[K [01;31m[Kerror: [m[Kâ€˜[01m[Kpublish_message[m[Kâ€™ is not a member of â€˜[01m[KSimplePublisher[m[Kâ€™
   31 |                 std::bind(&SimplePublisher::[01;31m[Kpublish_message[m[K, this)  // callback fonksiyonu
      |                                             [01;31m[K^~~~~~~~~~~~~~~[m[K
In file included from [01m[K/opt/ros/jazzy/include/rclcpp/rclcpp/copy_all_parameter_values.hpp:27[m[K,
                 from [01m[K/opt/ros/jazzy/include/rclcpp/rclcpp/rclcpp.hpp:171[m[K:
[01m[K/home/yalcinolgac/ros2_ws/src/day1/src/publisher.cpp:35:31:[m[K [01;31m[Kerror: [m[Kâ€˜[01m[Kclass SimplePublisher[m[Kâ€™ has no member named â€˜[01m[Kgetlogger[m[Kâ€™; did you mean â€˜[01m[Kget_logger[m[Kâ€™?
   35 |             RCLCPP_INFO(this->[01;31m[Kgetlogger[m[K(), "Publisher Node baÅŸlatird....");
      |                               [01;31m[K^~~~~~~~~[m[K
[01m[K/home/yalcinolgac/ros2_ws/src/day1/src/publisher.cpp:35:31:[m[K [01;31m[Kerror: [m[Kâ€˜[01m[Kclass SimplePublisher[m[Kâ€™ has no member named â€˜[01m[Kgetlogger[m[Kâ€™; did you mean â€˜[01m[Kget_logger[m[Kâ€™?
[01m[K/home/yalcinolgac/ros2_ws/src/day1/src/publisher.cpp:35:13:[m[K [01;31m[Kerror: [m[Ktemplate argument 1 is invalid
   35 |             [01;31m[KRCLCPP_INFO[m[K(this->getlogger(), "Publisher Node baÅŸlatird....");
      |             [01;31m[K^~~~~~~~~~~[m[K
[01m[K/home/yalcinolgac/ros2_ws/src/day1/src/publisher.cpp:35:13:[m[K [01;31m[Kerror: [m[Ktemplate argument 1 is invalid
   35 |             [01;31m[KRCLCPP_INFO[m[K(this->getlogger(), "Publisher Node baÅŸlatird....");
      |             [01;31m[K^~~~~~~~~~~[m[K
[01m[K/home/yalcinolgac/ros2_ws/src/day1/src/publisher.cpp:35:13:[m[K [01;31m[Kerror: [m[Ktemplate argument 1 is invalid
   35 |             [01;31m[KRCLCPP_INFO[m[K(this->getlogger(), "Publisher Node baÅŸlatird....");
      |             [01;31m[K^~~~~~~~~~~[m[K
In file included from [01m[K/opt/ros/jazzy/include/rclcpp/rclcpp/logging.hpp:24[m[K:
[01m[K/home/yalcinolgac/ros2_ws/src/day1/src/publisher.cpp:35:31:[m[K [01;31m[Kerror: [m[Kâ€˜[01m[Kclass SimplePublisher[m[Kâ€™ has no member named â€˜[01m[Kgetlogger[m[Kâ€™; did you mean â€˜[01m[Kget_logger[m[Kâ€™?
   35 |             RCLCPP_INFO(this->[01;31m[Kgetlogger[m[K(), "Publisher Node baÅŸlatird....");
      |                               [01;31m[K^~~~~~~~~[m[K
[01m[K/home/yalcinolgac/ros2_ws/src/day1/src/publisher.cpp:35:31:[m[K [01;31m[Kerror: [m[Kâ€˜[01m[Kclass SimplePublisher[m[Kâ€™ has no member named â€˜[01m[Kgetlogger[m[Kâ€™; did you mean â€˜[01m[Kget_logger[m[Kâ€™?
   35 |             RCLCPP_INFO(this->[01;31m[Kgetlogger[m[K(), "Publisher Node baÅŸlatird....");
      |                               [01;31m[K^~~~~~~~~[m[K
gmake[2]: *** [CMakeFiles/publisher_node.dir/build.make:76: CMakeFiles/publisher_node.dir/src/publisher.cpp.o] Error 1
gmake[1]: *** [CMakeFiles/Makefile2:139: CMakeFiles/publisher_node.dir/all] Error 2
gmake[1]: *** Waiting for unfinished jobs....
[ 75%] [32m[1mLinking CXX executable subscriber_node[0m
[ 75%] Built target subscriber_node
gmake: *** [Makefile:146: all] Error 2
