[0.009s] Invoking command in '/home/yalcinolgac/ros2_ws/build/day2_2': CMAKE_PREFIX_PATH=/home/yalcinolgac/ros2_ws/install/day2:/home/yalcinolgac/ros2_ws/install/day2_2:/home/yalcinolgac/ros2_ws/install/day1:/opt/ros/jazzy/opt/gz_sim_vendor:/opt/ros/jazzy/opt/gz_sensors_vendor:/opt/ros/jazzy/opt/gz_physics_vendor:/opt/ros/jazzy/opt/sdformat_vendor:/opt/ros/jazzy/opt/gz_gui_vendor:/opt/ros/jazzy/opt/gz_transport_vendor:/opt/ros/jazzy/opt/gz_rendering_vendor:/opt/ros/jazzy/opt/gz_plugin_vendor:/opt/ros/jazzy/opt/gz_fuel_tools_vendor:/opt/ros/jazzy/opt/gz_msgs_vendor:/opt/ros/jazzy/opt/gz_common_vendor:/opt/ros/jazzy/opt/gz_math_vendor:/opt/ros/jazzy/opt/gz_utils_vendor:/opt/ros/jazzy/opt/gz_tools_vendor:/opt/ros/jazzy/opt/gz_ogre_next_vendor:/opt/ros/jazzy/opt/gz_dartsim_vendor:/opt/ros/jazzy/opt/gz_cmake_vendor:/opt/ros/jazzy DEBUGINFOD_URLS=https://debuginfod.ubuntu.com /usr/bin/cmake --build /home/yalcinolgac/ros2_ws/build/day2_2 -- -j32 -l32
[0.049s] [  5%] [32mBuilding CXX object CMakeFiles/robot_command_server_node.dir/src/robot_command_server.cpp.o[0m
[0.049s] [ 22%] Built target robot_command_client_node
[0.049s] [ 16%] [32mBuilding CXX object CMakeFiles/robot_status_service_node.dir/src/robot_status_service.cpp.o[0m
[0.049s] [ 33%] Built target robot_publisher_node
[0.049s] [ 44%] Built target message_analyzer_node
[0.050s] [ 55%] Built target filtering_subscriber_node
[0.051s] [ 61%] [32mBuilding CXX object CMakeFiles/performance_test_node.dir/src/performance_test.cpp.o[0m
[0.051s] [ 66%] [32mBuilding CXX object CMakeFiles/robot_subscriber_node.dir/src/robot_subscriber.cpp.o[0m
[0.053s] [ 77%] Built target sensor_simulator_node
[1.438s] In file included from [01m[K/opt/ros/jazzy/include/rclcpp/rclcpp/logging.hpp:24[m[K,
[1.438s]                  from [01m[K/opt/ros/jazzy/include/rclcpp/rclcpp/copy_all_parameter_values.hpp:27[m[K,
[1.438s]                  from [01m[K/opt/ros/jazzy/include/rclcpp/rclcpp/rclcpp.hpp:171[m[K,
[1.438s]                  from [01m[K/home/yalcinolgac/ros2_ws/src/day2_2/src/performance_test.cpp:6[m[K:
[1.438s] [01m[K/home/yalcinolgac/ros2_ws/src/day2_2/src/performance_test.cpp:[m[K In member function â€˜[01m[Kvoid PerformanceTestPublisher::[01;32m[Kmonitor_performance[m[K()[m[Kâ€™:
[1.438s] [01m[K/home/yalcinolgac/ros2_ws/src/day2_2/src/performance_test.cpp:154:13:[m[K [01;31m[Kerror: [m[Kuse of deleted function â€˜[01m[Kstd::atomic<long int>::[01;32m[Katomic[m[K(const std::atomic<long int>&)[m[Kâ€™
[1.438s]   154 |             [01;31m[KRCLCPP_INFO[m[K(this->get_logger(),
[1.438s]       |             [01;31m[K^~~~~~~~~~~[m[K
[1.438s] In file included from [01m[K/home/yalcinolgac/ros2_ws/src/day2_2/src/performance_test.cpp:3[m[K:
[1.438s] [01m[K/usr/include/c++/13/atomic:875:7:[m[K [01;36m[Knote: [m[Kdeclared here
[1.438s]   875 |       [01;36m[Katomic[m[K(const atomic&) = delete;
[1.438s]       |       [01;36m[K^~~~~~[m[K
[1.451s] [01m[K/home/yalcinolgac/ros2_ws/src/day2_2/src/robot_command_server.cpp:[m[K In member function â€˜[01m[Kvoid RobotCommandServer::[01;32m[Khandle_stop_command[m[K(std::shared_ptr<day2::srv::RobotCommand_Request_<std::allocator<void> > >, std::shared_ptr<day2::srv::RobotCommand_Response_<std::allocator<void> > >)[m[Kâ€™:
[1.451s] [01m[K/home/yalcinolgac/ros2_ws/src/day2_2/src/robot_command_server.cpp:184:65:[m[K [01;35m[Kwarning: [m[Kunused parameter â€˜[01m[Krequest[m[Kâ€™ [[01;35m[K]8;;https://gcc.gnu.org/onlinedocs/gcc/Warning-Options.html#index-Wunused-parameter-Wunused-parameter]8;;[m[K]
[1.451s]   184 |         [01;35m[Kconst std::shared_ptr<day2::srv::RobotCommand::Request> request[m[K,
[1.451s]       |         [01;35m[K~~~~~~~~~~~~~~~~~~~~~~~~~~~~~~~~~~~~~~~~~~~~~~~~~~~~~~~~^~~~~~~[m[K
[1.452s] [01m[K/home/yalcinolgac/ros2_ws/src/day2_2/src/robot_command_server.cpp:[m[K In member function â€˜[01m[Kvoid RobotCommandServer::[01;32m[Khandle_home_command[m[K(std::shared_ptr<day2::srv::RobotCommand_Request_<std::allocator<void> > >, std::shared_ptr<day2::srv::RobotCommand_Response_<std::allocator<void> > >)[m[Kâ€™:
[1.452s] [01m[K/home/yalcinolgac/ros2_ws/src/day2_2/src/robot_command_server.cpp:204:65:[m[K [01;35m[Kwarning: [m[Kunused parameter â€˜[01m[Krequest[m[Kâ€™ [[01;35m[K]8;;https://gcc.gnu.org/onlinedocs/gcc/Warning-Options.html#index-Wunused-parameter-Wunused-parameter]8;;[m[K]
[1.452s]   204 |         [01;35m[Kconst std::shared_ptr<day2::srv::RobotCommand::Request> request[m[K,
[1.452s]       |         [01;35m[K~~~~~~~~~~~~~~~~~~~~~~~~~~~~~~~~~~~~~~~~~~~~~~~~~~~~~~~~^~~~~~~[m[K
[1.452s] [01m[K/home/yalcinolgac/ros2_ws/src/day2_2/src/robot_command_server.cpp:[m[K In member function â€˜[01m[Kvoid RobotCommandServer::[01;32m[Khandle_status_command[m[K(std::shared_ptr<day2::srv::RobotCommand_Request_<std::allocator<void> > >, std::shared_ptr<day2::srv::RobotCommand_Response_<std::allocator<void> > >)[m[Kâ€™:
[1.452s] [01m[K/home/yalcinolgac/ros2_ws/src/day2_2/src/robot_command_server.cpp:235:65:[m[K [01;35m[Kwarning: [m[Kunused parameter â€˜[01m[Krequest[m[Kâ€™ [[01;35m[K]8;;https://gcc.gnu.org/onlinedocs/gcc/Warning-Options.html#index-Wunused-parameter-Wunused-parameter]8;;[m[K]
[1.452s]   235 |         [01;35m[Kconst std::shared_ptr<day2::srv::RobotCommand::Request> request[m[K,
[1.452s]       |         [01;35m[K~~~~~~~~~~~~~~~~~~~~~~~~~~~~~~~~~~~~~~~~~~~~~~~~~~~~~~~~^~~~~~~[m[K
[2.706s] gmake[2]: *** [CMakeFiles/performance_test_node.dir/build.make:76: CMakeFiles/performance_test_node.dir/src/performance_test.cpp.o] Error 1
[2.706s] gmake[1]: *** [CMakeFiles/Makefile2:283: CMakeFiles/performance_test_node.dir/all] Error 2
[2.706s] gmake[1]: *** Waiting for unfinished jobs....
[3.287s] [ 83%] [32m[1mLinking CXX executable robot_command_server_node[0m
[3.474s] [ 83%] Built target robot_command_server_node
[4.369s] [ 88%] [32m[1mLinking CXX executable robot_subscriber_node[0m
[4.525s] [ 88%] Built target robot_subscriber_node
[6.088s] [ 94%] [32m[1mLinking CXX executable robot_status_service_node[0m
[6.290s] [ 94%] Built target robot_status_service_node
[6.291s] gmake: *** [Makefile:146: all] Error 2
[6.294s] Invoked command in '/home/yalcinolgac/ros2_ws/build/day2_2' returned '2': CMAKE_PREFIX_PATH=/home/yalcinolgac/ros2_ws/install/day2:/home/yalcinolgac/ros2_ws/install/day2_2:/home/yalcinolgac/ros2_ws/install/day1:/opt/ros/jazzy/opt/gz_sim_vendor:/opt/ros/jazzy/opt/gz_sensors_vendor:/opt/ros/jazzy/opt/gz_physics_vendor:/opt/ros/jazzy/opt/sdformat_vendor:/opt/ros/jazzy/opt/gz_gui_vendor:/opt/ros/jazzy/opt/gz_transport_vendor:/opt/ros/jazzy/opt/gz_rendering_vendor:/opt/ros/jazzy/opt/gz_plugin_vendor:/opt/ros/jazzy/opt/gz_fuel_tools_vendor:/opt/ros/jazzy/opt/gz_msgs_vendor:/opt/ros/jazzy/opt/gz_common_vendor:/opt/ros/jazzy/opt/gz_math_vendor:/opt/ros/jazzy/opt/gz_utils_vendor:/opt/ros/jazzy/opt/gz_tools_vendor:/opt/ros/jazzy/opt/gz_ogre_next_vendor:/opt/ros/jazzy/opt/gz_dartsim_vendor:/opt/ros/jazzy/opt/gz_cmake_vendor:/opt/ros/jazzy DEBUGINFOD_URLS=https://debuginfod.ubuntu.com /usr/bin/cmake --build /home/yalcinolgac/ros2_ws/build/day2_2 -- -j32 -l32
