In file included from [01m[K/opt/ros/jazzy/include/rclcpp/rclcpp/logging.hpp:24[m[K,
                 from [01m[K/opt/ros/jazzy/include/rclcpp/rclcpp/copy_all_parameter_values.hpp:27[m[K,
                 from [01m[K/opt/ros/jazzy/include/rclcpp/rclcpp/rclcpp.hpp:171[m[K,
                 from [01m[K/home/yalcinolgac/ros2_ws/src/day2_2/src/message_analyzer.cpp:8[m[K:
[01m[K/home/yalcinolgac/ros2_ws/src/day2_2/src/message_analyzer.cpp:[m[K In member function â€˜[01m[Kvoid MessageAnalyzer::[01;32m[Kgenerate_report[m[K()[m[Kâ€™:
[01m[K/home/yalcinolgac/ros2_ws/src/day2_2/src/message_analyzer.cpp:138:46:[m[K [01;31m[Kerror: [m[Kcannot convert â€˜[01m[Kstd::__cxx11::basic_string<char>[m[Kâ€™ to â€˜[01m[Kconst char*[m[Kâ€™
  138 |         RCLCPP_INFO(this->get_logger(), [01;31m[K"\n" + create_analysis_report()[m[K);
      |                                         [01;31m[K~~~~~^~~~~~~~~~~~~~~~~~~~~~~~~~[m[K
      |                                              [01;31m[K|[m[K
      |                                              [01;31m[Kstd::__cxx11::basic_string<char>[m[K
In file included from [01m[K/opt/ros/jazzy/include/rmw/rmw/types.h:28[m[K,
                 from [01m[K/opt/ros/jazzy/include/rcl/rcl/types.h:20[m[K,
                 from [01m[K/opt/ros/jazzy/include/rclcpp/rclcpp/exceptions/exceptions.hpp:23[m[K,
                 from [01m[K/opt/ros/jazzy/include/rclcpp/rclcpp/exceptions.hpp:18[m[K,
                 from [01m[K/opt/ros/jazzy/include/rclcpp/rclcpp/parameter.hpp:25[m[K,
                 from [01m[K/opt/ros/jazzy/include/rclcpp/rclcpp/copy_all_parameter_values.hpp:25[m[K:
[01m[K/opt/ros/jazzy/include/rcutils/rcutils/logging.h:473:16:[m[K [01;36m[Knote: [m[K  initializing argument 4 of â€˜[01m[Kvoid[01;32m[K rcutils_log_internal[m[K(const rcutils_log_location_t*, int, const char*, const char*, ...)[m[Kâ€™
  473 |   [01;36m[Kconst char * format[m[K,
      |   [01;36m[K~~~~~~~~~~~~~^~~~~~[m[K
gmake[2]: *** [CMakeFiles/message_analyzer_node.dir/build.make:76: CMakeFiles/message_analyzer_node.dir/src/message_analyzer.cpp.o] Error 1
gmake[1]: *** [CMakeFiles/Makefile2:221: CMakeFiles/message_analyzer_node.dir/all] Error 2
gmake: *** [Makefile:146: all] Error 2
