In file included from [01m[K/opt/ros/jazzy/include/rclcpp/rclcpp/logging.hpp:24[m[K,
                 from [01m[K/opt/ros/jazzy/include/rclcpp/rclcpp/copy_all_parameter_values.hpp:27[m[K,
                 from [01m[K/opt/ros/jazzy/include/rclcpp/rclcpp/rclcpp.hpp:171[m[K,
                 from [01m[K/home/yalcinolgac/ros2_ws/src/day2_2/src/message_analyzer.cpp:8[m[K:
[01m[K/home/yalcinolgac/ros2_ws/src/day2_2/src/message_analyzer.cpp:[m[K In member function â€˜[01m[Kvoid MessageAnalyzer::[01;32m[Kgenerate_report[m[K()[m[Kâ€™:
[01m[K/home/yalcinolgac/ros2_ws/src/day2_2/src/message_analyzer.cpp:138:46:[m[K [01;31m[Kerror: [m[Kinvalid operands of types â€˜[01m[Kconst char [2][m[Kâ€™ and â€˜[01m[Kconst char*[m[Kâ€™ to binary â€˜[01m[Koperator+[m[Kâ€™
  138 |         RCLCPP_INFO(this->get_logger(), [32m[K"\n"[m[K [01;31m[K+[m[K [34m[Kcreate_analysis_report().c_str()[m[K);
      |                                         [32m[K~~~~[m[K [01;31m[K^[m[K [34m[K~~~~~~~~~~~~~~~~~~~~~~~~~~~~~~~~[m[K
      |                                         [32m[K|[m[K                                    [34m[K|[m[K
      |                                         [32m[Kconst char [2][m[K                       [34m[Kconst char*[m[K
gmake[2]: *** [CMakeFiles/message_analyzer_node.dir/build.make:76: CMakeFiles/message_analyzer_node.dir/src/message_analyzer.cpp.o] Error 1
gmake[1]: *** [CMakeFiles/Makefile2:221: CMakeFiles/message_analyzer_node.dir/all] Error 2
gmake: *** [Makefile:146: all] Error 2
