[0.008s] Invoking command in '/home/yalcinolgac/ros2_ws/build/day2_2': CMAKE_PREFIX_PATH=/home/yalcinolgac/ros2_ws/install/day2:/home/yalcinolgac/ros2_ws/install/day2_2:/home/yalcinolgac/ros2_ws/install/day1:/opt/ros/jazzy/opt/gz_sim_vendor:/opt/ros/jazzy/opt/gz_sensors_vendor:/opt/ros/jazzy/opt/gz_physics_vendor:/opt/ros/jazzy/opt/sdformat_vendor:/opt/ros/jazzy/opt/gz_gui_vendor:/opt/ros/jazzy/opt/gz_transport_vendor:/opt/ros/jazzy/opt/gz_rendering_vendor:/opt/ros/jazzy/opt/gz_plugin_vendor:/opt/ros/jazzy/opt/gz_fuel_tools_vendor:/opt/ros/jazzy/opt/gz_msgs_vendor:/opt/ros/jazzy/opt/gz_common_vendor:/opt/ros/jazzy/opt/gz_math_vendor:/opt/ros/jazzy/opt/gz_utils_vendor:/opt/ros/jazzy/opt/gz_tools_vendor:/opt/ros/jazzy/opt/gz_ogre_next_vendor:/opt/ros/jazzy/opt/gz_dartsim_vendor:/opt/ros/jazzy/opt/gz_cmake_vendor:/opt/ros/jazzy DEBUGINFOD_URLS=https://debuginfod.ubuntu.com /usr/bin/cmake --build /home/yalcinolgac/ros2_ws/build/day2_2 -- -j32 -l32
[0.028s] -- Found ament_cmake: 2.5.4 (/opt/ros/jazzy/share/ament_cmake/cmake)
[0.161s] -- Found rclcpp: 28.1.9 (/opt/ros/jazzy/share/rclcpp/cmake)
[0.208s] -- Found rosidl_generator_c: 4.6.5 (/opt/ros/jazzy/share/rosidl_generator_c/cmake)
[0.216s] -- Found rosidl_generator_cpp: 4.6.5 (/opt/ros/jazzy/share/rosidl_generator_cpp/cmake)
[0.227s] -- Using all available rosidl_typesupport_c: rosidl_typesupport_fastrtps_c;rosidl_typesupport_introspection_c
[0.239s] -- Using all available rosidl_typesupport_cpp: rosidl_typesupport_fastrtps_cpp;rosidl_typesupport_introspection_cpp
[0.290s] -- Found rmw_implementation_cmake: 7.3.2 (/opt/ros/jazzy/share/rmw_implementation_cmake/cmake)
[0.292s] -- Found rmw_fastrtps_cpp: 8.4.2 (/opt/ros/jazzy/share/rmw_fastrtps_cpp/cmake)
[0.340s] -- Using RMW implementation 'rmw_fastrtps_cpp' as default
[0.390s] -- Found std_msgs: 5.3.6 (/opt/ros/jazzy/share/std_msgs/cmake)
[0.401s] -- Found geometry_msgs: 5.3.6 (/opt/ros/jazzy/share/geometry_msgs/cmake)
[0.413s] -- Found day2: 1.0.0 (/home/yalcinolgac/ros2_ws/install/day2/share/day2/cmake)
[0.491s] -- Configuring done (0.5s)
[0.520s] -- Generating done (0.0s)
[0.528s] -- Build files have been written to: /home/yalcinolgac/ros2_ws/build/day2_2
[0.550s] [  5%] [32mBuilding CXX object CMakeFiles/performance_test_node.dir/src/performance_test.cpp.o[0m
[0.551s] [ 11%] [32mBuilding CXX object CMakeFiles/filtering_subscriber_node.dir/src/filtering_subscriber.cpp.o[0m
[0.552s] [ 16%] [32mBuilding CXX object CMakeFiles/robot_command_client_node.dir/src/robot_command_client.cpp.o[0m
[0.552s] [ 22%] [32mBuilding CXX object CMakeFiles/robot_command_server_node.dir/src/robot_command_server.cpp.o[0m
[0.553s] [ 27%] [32mBuilding CXX object CMakeFiles/robot_status_service_node.dir/src/robot_status_service.cpp.o[0m
[0.556s] [ 38%] [32mBuilding CXX object CMakeFiles/robot_subscriber_node.dir/src/robot_subscriber.cpp.o[0m
[0.556s] [ 38%] [32mBuilding CXX object CMakeFiles/message_analyzer_node.dir/src/message_analyzer.cpp.o[0m
[0.558s] [ 44%] [32mBuilding CXX object CMakeFiles/sensor_simulator_node.dir/src/sensor_simulator.cpp.o[0m
[0.558s] [ 50%] [32mBuilding CXX object CMakeFiles/robot_publisher_node.dir/src/robot_publisher.cpp.o[0m
[2.345s] In file included from [01m[K/opt/ros/jazzy/include/rclcpp/rclcpp/logging.hpp:24[m[K,
[2.345s]                  from [01m[K/opt/ros/jazzy/include/rclcpp/rclcpp/copy_all_parameter_values.hpp:27[m[K,
[2.345s]                  from [01m[K/opt/ros/jazzy/include/rclcpp/rclcpp/rclcpp.hpp:171[m[K,
[2.345s]                  from [01m[K/home/yalcinolgac/ros2_ws/src/day2_2/src/performance_test.cpp:6[m[K:
[2.345s] [01m[K/home/yalcinolgac/ros2_ws/src/day2_2/src/performance_test.cpp:[m[K In member function â€˜[01m[Kvoid PerformanceTestPublisher::[01;32m[Kmonitor_performance[m[K()[m[Kâ€™:
[2.345s] [01m[K/home/yalcinolgac/ros2_ws/src/day2_2/src/performance_test.cpp:154:13:[m[K [01;31m[Kerror: [m[Kuse of deleted function â€˜[01m[Kstd::atomic<long int>::[01;32m[Katomic[m[K(const std::atomic<long int>&)[m[Kâ€™
[2.345s]   154 |             [01;31m[KRCLCPP_INFO[m[K(this->get_logger(),
[2.345s]       |             [01;31m[K^~~~~~~~~~~[m[K
[2.345s] In file included from [01m[K/home/yalcinolgac/ros2_ws/src/day2_2/src/performance_test.cpp:3[m[K:
[2.345s] [01m[K/usr/include/c++/13/atomic:875:7:[m[K [01;36m[Knote: [m[Kdeclared here
[2.345s]   875 |       [01;36m[Katomic[m[K(const atomic&) = delete;
[2.345s]       |       [01;36m[K^~~~~~[m[K
[2.346s] [01m[K/home/yalcinolgac/ros2_ws/src/day2_2/src/performance_test.cpp:[m[K In member function â€˜[01m[Kvoid PerformanceTestPublisher::[01;32m[Kprint_final_report[m[K()[m[Kâ€™:
[2.346s] [01m[K/home/yalcinolgac/ros2_ws/src/day2_2/src/performance_test.cpp:217:9:[m[K [01;31m[Kerror: [m[Kuse of deleted function â€˜[01m[Kstd::atomic<long int>::[01;32m[Katomic[m[K(const std::atomic<long int>&)[m[Kâ€™
[2.346s]   217 |         [01;31m[KRCLCPP_INFO[m[K(this->get_logger(), "GÃ¶nderilen mesaj: %ld", message_count_);
[2.346s]       |         [01;31m[K^~~~~~~~~~~[m[K
[2.346s] [01m[K/usr/include/c++/13/atomic:875:7:[m[K [01;36m[Knote: [m[Kdeclared here
[2.347s]   875 |       [01;36m[Katomic[m[K(const atomic&) = delete;
[2.347s]       |       [01;36m[K^~~~~~[m[K
[2.347s] [01m[K/home/yalcinolgac/ros2_ws/src/day2_2/src/performance_test.cpp:218:9:[m[K [01;31m[Kerror: [m[Kuse of deleted function â€˜[01m[Kstd::atomic<long int>::[01;32m[Katomic[m[K(const std::atomic<long int>&)[m[Kâ€™
[2.347s]   218 |         [01;31m[KRCLCPP_INFO[m[K(this->get_logger(), "AlÄ±nan mesaj: %ld", received_count_);
[2.347s]       |         [01;31m[K^~~~~~~~~~~[m[K
[2.347s] [01m[K/usr/include/c++/13/atomic:875:7:[m[K [01;36m[Knote: [m[Kdeclared here
[2.347s]   875 |       [01;36m[Katomic[m[K(const atomic&) = delete;
[2.347s]       |       [01;36m[K^~~~~~[m[K
[2.471s] [01m[K/home/yalcinolgac/ros2_ws/src/day2_2/src/robot_command_server.cpp:[m[K In member function â€˜[01m[Kvoid RobotCommandServer::[01;32m[Khandle_move_to_command[m[K(std::shared_ptr<day2::srv::RobotCommand_Request_<std::allocator<void> > >, std::shared_ptr<day2::srv::RobotCommand_Response_<std::allocator<void> > >)[m[Kâ€™:
[2.471s] [01m[K/home/yalcinolgac/ros2_ws/src/day2_2/src/robot_command_server.cpp:121:34:[m[K [01;31m[Kerror: [m[Kno matching function for call to â€˜[01m[Kmin(day2::srv::RobotCommand_Request_<std::allocator<void> >::_max_velocity_type&, double&)[m[Kâ€™
[2.471s]   121 |         double max_vel = [01;31m[Kstd::min(request->max_velocity, max_robot_velocity_)[m[K;
[2.471s]       |                          [01;31m[K~~~~~~~~^~~~~~~~~~~~~~~~~~~~~~~~~~~~~~~~~~~~~~~~~~~~[m[K
[2.472s] In file included from [01m[K/usr/include/c++/13/bits/stl_uninitialized.h:63[m[K,
[2.472s]                  from [01m[K/usr/include/c++/13/memory:69[m[K,
[2.472s]                  from [01m[K/home/yalcinolgac/ros2_ws/src/day2_2/src/robot_command_server.cpp:3[m[K:
[2.472s] [01m[K/usr/include/c++/13/bits/stl_algobase.h:233:5:[m[K [01;36m[Knote: [m[Kcandidate: â€˜[01m[Ktemplate<class _Tp> constexpr const _Tp& std::[01;32m[Kmin[m[K(const _Tp&, const _Tp&)[m[Kâ€™
[2.472s]   233 |     [01;36m[Kmin[m[K(const _Tp& __a, const _Tp& __b)
[2.472s]       |     [01;36m[K^~~[m[K
[2.473s] [01m[K/usr/include/c++/13/bits/stl_algobase.h:233:5:[m[K [01;36m[Knote: [m[K  template argument deduction/substitution failed:
[2.473s] [01m[K/home/yalcinolgac/ros2_ws/src/day2_2/src/robot_command_server.cpp:121:34:[m[K [01;36m[Knote: [m[K  deduced conflicting types for parameter â€˜[01m[Kconst _Tp[m[Kâ€™ (â€˜[01m[Kfloat[m[Kâ€™ and â€˜[01m[Kdouble[m[Kâ€™)
[2.473s]   121 |         double max_vel = [01;36m[Kstd::min(request->max_velocity, max_robot_velocity_)[m[K;
[2.473s]       |                          [01;36m[K~~~~~~~~^~~~~~~~~~~~~~~~~~~~~~~~~~~~~~~~~~~~~~~~~~~~[m[K
[2.473s] [01m[K/usr/include/c++/13/bits/stl_algobase.h:281:5:[m[K [01;36m[Knote: [m[Kcandidate: â€˜[01m[Ktemplate<class _Tp, class _Compare> constexpr const _Tp& std::[01;32m[Kmin[m[K(const _Tp&, const _Tp&, _Compare)[m[Kâ€™
[2.473s]   281 |     [01;36m[Kmin[m[K(const _Tp& __a, const _Tp& __b, _Compare __comp)
[2.474s]       |     [01;36m[K^~~[m[K
[2.474s] [01m[K/usr/include/c++/13/bits/stl_algobase.h:281:5:[m[K [01;36m[Knote: [m[K  template argument deduction/substitution failed:
[2.474s] [01m[K/home/yalcinolgac/ros2_ws/src/day2_2/src/robot_command_server.cpp:121:34:[m[K [01;36m[Knote: [m[K  deduced conflicting types for parameter â€˜[01m[Kconst _Tp[m[Kâ€™ (â€˜[01m[Kfloat[m[Kâ€™ and â€˜[01m[Kdouble[m[Kâ€™)
[2.474s]   121 |         double max_vel = [01;36m[Kstd::min(request->max_velocity, max_robot_velocity_)[m[K;
[2.474s]       |                          [01;36m[K~~~~~~~~^~~~~~~~~~~~~~~~~~~~~~~~~~~~~~~~~~~~~~~~~~~~[m[K
[2.474s] In file included from [01m[K/usr/include/c++/13/algorithm:61[m[K,
[2.474s]                  from [01m[K/opt/ros/jazzy/include/rcl_interfaces/rcl_interfaces/srv/detail/list_parameters__struct.hpp:11[m[K,
[2.474s]                  from [01m[K/opt/ros/jazzy/include/rcl_interfaces/rcl_interfaces/srv/list_parameters.hpp:7[m[K,
[2.474s]                  from [01m[K/opt/ros/jazzy/include/rclcpp/rclcpp/copy_all_parameter_values.hpp:21[m[K,
[2.474s]                  from [01m[K/opt/ros/jazzy/include/rclcpp/rclcpp/rclcpp.hpp:171[m[K,
[2.474s]                  from [01m[K/home/yalcinolgac/ros2_ws/src/day2_2/src/robot_command_server.cpp:7[m[K:
[2.474s] [01m[K/usr/include/c++/13/bits/stl_algo.h:5775:5:[m[K [01;36m[Knote: [m[Kcandidate: â€˜[01m[Ktemplate<class _Tp> constexpr _Tp std::[01;32m[Kmin[m[K(initializer_list<_Tp>)[m[Kâ€™
[2.474s]  5775 |     [01;36m[Kmin[m[K(initializer_list<_Tp> __l)
[2.474s]       |     [01;36m[K^~~[m[K
[2.474s] [01m[K/usr/include/c++/13/bits/stl_algo.h:5775:5:[m[K [01;36m[Knote: [m[K  template argument deduction/substitution failed:
[2.474s] [01m[K/home/yalcinolgac/ros2_ws/src/day2_2/src/robot_command_server.cpp:121:34:[m[K [01;36m[Knote: [m[K  mismatched types â€˜[01m[Kstd::initializer_list<_Tp>[m[Kâ€™ and â€˜[01m[Kfloat[m[Kâ€™
[2.474s]   121 |         double max_vel = [01;36m[Kstd::min(request->max_velocity, max_robot_velocity_)[m[K;
[2.474s]       |                          [01;36m[K~~~~~~~~^~~~~~~~~~~~~~~~~~~~~~~~~~~~~~~~~~~~~~~~~~~~[m[K
[2.474s] [01m[K/usr/include/c++/13/bits/stl_algo.h:5785:5:[m[K [01;36m[Knote: [m[Kcandidate: â€˜[01m[Ktemplate<class _Tp, class _Compare> constexpr _Tp std::[01;32m[Kmin[m[K(initializer_list<_Tp>, _Compare)[m[Kâ€™
[2.474s]  5785 |     [01;36m[Kmin[m[K(initializer_list<_Tp> __l, _Compare __comp)
[2.474s]       |     [01;36m[K^~~[m[K
[2.474s] [01m[K/usr/include/c++/13/bits/stl_algo.h:5785:5:[m[K [01;36m[Knote: [m[K  template argument deduction/substitution failed:
[2.474s] [01m[K/home/yalcinolgac/ros2_ws/src/day2_2/src/robot_command_server.cpp:121:34:[m[K [01;36m[Knote: [m[K  mismatched types â€˜[01m[Kstd::initializer_list<_Tp>[m[Kâ€™ and â€˜[01m[Kfloat[m[Kâ€™
[2.474s]   121 |         double max_vel = [01;36m[Kstd::min(request->max_velocity, max_robot_velocity_)[m[K;
[2.474s]       |                          [01;36m[K~~~~~~~~^~~~~~~~~~~~~~~~~~~~~~~~~~~~~~~~~~~~~~~~~~~~[m[K
[2.477s] [01m[K/home/yalcinolgac/ros2_ws/src/day2_2/src/robot_command_server.cpp:[m[K In member function â€˜[01m[Kvoid RobotCommandServer::[01;32m[Khandle_stop_command[m[K(std::shared_ptr<day2::srv::RobotCommand_Request_<std::allocator<void> > >, std::shared_ptr<day2::srv::RobotCommand_Response_<std::allocator<void> > >)[m[Kâ€™:
[2.477s] [01m[K/home/yalcinolgac/ros2_ws/src/day2_2/src/robot_command_server.cpp:184:65:[m[K [01;35m[Kwarning: [m[Kunused parameter â€˜[01m[Krequest[m[Kâ€™ [[01;35m[K]8;;https://gcc.gnu.org/onlinedocs/gcc/Warning-Options.html#index-Wunused-parameter-Wunused-parameter]8;;[m[K]
[2.477s]   184 |         [01;35m[Kconst std::shared_ptr<day2::srv::RobotCommand::Request> request[m[K,
[2.477s]       |         [01;35m[K~~~~~~~~~~~~~~~~~~~~~~~~~~~~~~~~~~~~~~~~~~~~~~~~~~~~~~~~^~~~~~~[m[K
[2.477s] [01m[K/home/yalcinolgac/ros2_ws/src/day2_2/src/robot_command_server.cpp:[m[K In member function â€˜[01m[Kvoid RobotCommandServer::[01;32m[Khandle_home_command[m[K(std::shared_ptr<day2::srv::RobotCommand_Request_<std::allocator<void> > >, std::shared_ptr<day2::srv::RobotCommand_Response_<std::allocator<void> > >)[m[Kâ€™:
[2.477s] [01m[K/home/yalcinolgac/ros2_ws/src/day2_2/src/robot_command_server.cpp:204:65:[m[K [01;35m[Kwarning: [m[Kunused parameter â€˜[01m[Krequest[m[Kâ€™ [[01;35m[K]8;;https://gcc.gnu.org/onlinedocs/gcc/Warning-Options.html#index-Wunused-parameter-Wunused-parameter]8;;[m[K]
[2.478s]   204 |         [01;35m[Kconst std::shared_ptr<day2::srv::RobotCommand::Request> request[m[K,
[2.478s]       |         [01;35m[K~~~~~~~~~~~~~~~~~~~~~~~~~~~~~~~~~~~~~~~~~~~~~~~~~~~~~~~~^~~~~~~[m[K
[2.478s] [01m[K/home/yalcinolgac/ros2_ws/src/day2_2/src/robot_command_server.cpp:[m[K In member function â€˜[01m[Kvoid RobotCommandServer::[01;32m[Khandle_status_command[m[K(std::shared_ptr<day2::srv::RobotCommand_Request_<std::allocator<void> > >, std::shared_ptr<day2::srv::RobotCommand_Response_<std::allocator<void> > >)[m[Kâ€™:
[2.478s] [01m[K/home/yalcinolgac/ros2_ws/src/day2_2/src/robot_command_server.cpp:235:65:[m[K [01;35m[Kwarning: [m[Kunused parameter â€˜[01m[Krequest[m[Kâ€™ [[01;35m[K]8;;https://gcc.gnu.org/onlinedocs/gcc/Warning-Options.html#index-Wunused-parameter-Wunused-parameter]8;;[m[K]
[2.478s]   235 |         [01;35m[Kconst std::shared_ptr<day2::srv::RobotCommand::Request> request[m[K,
[2.478s]       |         [01;35m[K~~~~~~~~~~~~~~~~~~~~~~~~~~~~~~~~~~~~~~~~~~~~~~~~~~~~~~~~^~~~~~~[m[K
[2.493s] [01m[K/home/yalcinolgac/ros2_ws/src/day2_2/src/robot_status_service.cpp:[m[K In member function â€˜[01m[Kvoid RobotStatusService::[01;32m[Kupdate_robot_statistics[m[K(day2::msg::RobotStatus_<std::allocator<void> >::SharedPtr)[m[Kâ€™:
[2.493s] [01m[K/home/yalcinolgac/ros2_ws/src/day2_2/src/robot_status_service.cpp:318:30:[m[K [01;31m[Kerror: [m[Kâ€˜[01m[Kusing builtin_interfaces::msg::Time = struct builtin_interfaces::msg::Time_<std::allocator<void> >[m[Kâ€™ {aka â€˜[01m[Kstruct builtin_interfaces::msg::Time_<std::allocator<void> >[m[Kâ€™} has no member named â€˜[01m[Knanoseconds[m[Kâ€™; did you mean â€˜[01m[Knanosec[m[Kâ€™?
[2.493s]   318 |         if (stats.first_seen.[01;31m[Knanoseconds[m[K() == 0) {
[2.493s]       |                              [01;31m[K^~~~~~~~~~~[m[K
[2.493s]       |                              [32m[Knanosec[m[K
[3.417s] gmake[2]: *** [CMakeFiles/robot_command_server_node.dir/build.make:76: CMakeFiles/robot_command_server_node.dir/src/robot_command_server.cpp.o] Error 1
[3.417s] gmake[1]: *** [CMakeFiles/Makefile2:309: CMakeFiles/robot_command_server_node.dir/all] Error 2
[3.417s] gmake[1]: *** Waiting for unfinished jobs....
[3.580s] [ 55%] [32m[1mLinking CXX executable robot_command_client_node[0m
[3.758s] [ 55%] Built target robot_command_client_node
[3.934s] gmake[2]: *** [CMakeFiles/performance_test_node.dir/build.make:76: CMakeFiles/performance_test_node.dir/src/performance_test.cpp.o] Error 1
[3.934s] gmake[1]: *** [CMakeFiles/Makefile2:283: CMakeFiles/performance_test_node.dir/all] Error 2
[3.949s] [ 61%] [32m[1mLinking CXX executable robot_publisher_node[0m
[4.014s] [ 66%] [32m[1mLinking CXX executable sensor_simulator_node[0m
[4.050s] [ 66%] Built target robot_publisher_node
[4.118s] [ 66%] Built target sensor_simulator_node
[4.559s] gmake[2]: *** [CMakeFiles/robot_status_service_node.dir/build.make:76: CMakeFiles/robot_status_service_node.dir/src/robot_status_service.cpp.o] Error 1
[4.559s] gmake[1]: *** [CMakeFiles/Makefile2:361: CMakeFiles/robot_status_service_node.dir/all] Error 2
[5.642s] [ 72%] [32m[1mLinking CXX executable robot_subscriber_node[0m
[5.756s] [ 77%] [32m[1mLinking CXX executable filtering_subscriber_node[0m
[5.800s] [ 77%] Built target robot_subscriber_node
[5.916s] [ 77%] Built target filtering_subscriber_node
[6.996s] [ 83%] [32m[1mLinking CXX executable message_analyzer_node[0m
[7.197s] [ 83%] Built target message_analyzer_node
[7.198s] gmake: *** [Makefile:146: all] Error 2
[7.199s] Invoked command in '/home/yalcinolgac/ros2_ws/build/day2_2' returned '2': CMAKE_PREFIX_PATH=/home/yalcinolgac/ros2_ws/install/day2:/home/yalcinolgac/ros2_ws/install/day2_2:/home/yalcinolgac/ros2_ws/install/day1:/opt/ros/jazzy/opt/gz_sim_vendor:/opt/ros/jazzy/opt/gz_sensors_vendor:/opt/ros/jazzy/opt/gz_physics_vendor:/opt/ros/jazzy/opt/sdformat_vendor:/opt/ros/jazzy/opt/gz_gui_vendor:/opt/ros/jazzy/opt/gz_transport_vendor:/opt/ros/jazzy/opt/gz_rendering_vendor:/opt/ros/jazzy/opt/gz_plugin_vendor:/opt/ros/jazzy/opt/gz_fuel_tools_vendor:/opt/ros/jazzy/opt/gz_msgs_vendor:/opt/ros/jazzy/opt/gz_common_vendor:/opt/ros/jazzy/opt/gz_math_vendor:/opt/ros/jazzy/opt/gz_utils_vendor:/opt/ros/jazzy/opt/gz_tools_vendor:/opt/ros/jazzy/opt/gz_ogre_next_vendor:/opt/ros/jazzy/opt/gz_dartsim_vendor:/opt/ros/jazzy/opt/gz_cmake_vendor:/opt/ros/jazzy DEBUGINFOD_URLS=https://debuginfod.ubuntu.com /usr/bin/cmake --build /home/yalcinolgac/ros2_ws/build/day2_2 -- -j32 -l32
