-- Found ament_cmake: 2.5.4 (/opt/ros/jazzy/share/ament_cmake/cmake)
-- Found rclcpp: 28.1.9 (/opt/ros/jazzy/share/rclcpp/cmake)
-- Found rosidl_generator_c: 4.6.5 (/opt/ros/jazzy/share/rosidl_generator_c/cmake)
-- Found rosidl_generator_cpp: 4.6.5 (/opt/ros/jazzy/share/rosidl_generator_cpp/cmake)
-- Using all available rosidl_typesupport_c: rosidl_typesupport_fastrtps_c;rosidl_typesupport_introspection_c
-- Using all available rosidl_typesupport_cpp: rosidl_typesupport_fastrtps_cpp;rosidl_typesupport_introspection_cpp
-- Found rmw_implementation_cmake: 7.3.2 (/opt/ros/jazzy/share/rmw_implementation_cmake/cmake)
-- Found rmw_fastrtps_cpp: 8.4.2 (/opt/ros/jazzy/share/rmw_fastrtps_cpp/cmake)
-- Using RMW implementation 'rmw_fastrtps_cpp' as default
-- Found std_msgs: 5.3.6 (/opt/ros/jazzy/share/std_msgs/cmake)
-- Found geometry_msgs: 5.3.6 (/opt/ros/jazzy/share/geometry_msgs/cmake)
-- Found day2: 1.0.0 (/home/yalcinolgac/ros2_ws/install/day2/share/day2/cmake)
-- Configuring done (0.3s)
-- Generating done (0.0s)
-- Build files have been written to: /home/yalcinolgac/ros2_ws/build/day2_2
[ 50%] [32mBuilding CXX object CMakeFiles/robot_subscriber_node.dir/src/robot_subscriber.cpp.o[0m
[ 50%] [32mBuilding CXX object CMakeFiles/robot_publisher_node.dir/src/robot_publisher.cpp.o[0m
[01m[K/home/yalcinolgac/ros2_ws/src/day2_2/src/robot_subscriber.cpp:8:10:[m[K [01;31m[Kfatal error: [m[Krobot_interfaces/msg/robot_status.hpp: No such file or directory
    8 | #include [01;31m[K"robot_interfaces/msg/robot_status.hpp"[m[K
      |          [01;31m[K^~~~~~~~~~~~~~~~~~~~~~~~~~~~~~~~~~~~~~~[m[K
[01m[K/home/yalcinolgac/ros2_ws/src/day2_2/src/robot_publisher.cpp:8:10:[m[K [01;31m[Kfatal error: [m[Krobot_interfaces/msg/robot_status.hpp: No such file or directory
    8 | #include [01;31m[K"robot_interfaces/msg/robot_status.hpp"[m[K    // Custom message include
      |          [01;31m[K^~~~~~~~~~~~~~~~~~~~~~~~~~~~~~~~~~~~~~~[m[K
compilation terminated.
compilation terminated.
gmake[2]: *** [CMakeFiles/robot_publisher_node.dir/build.make:76: CMakeFiles/robot_publisher_node.dir/src/robot_publisher.cpp.o] Error 1
gmake[1]: *** [CMakeFiles/Makefile2:139: CMakeFiles/robot_publisher_node.dir/all] Error 2
gmake[1]: *** Waiting for unfinished jobs....
gmake[2]: *** [CMakeFiles/robot_subscriber_node.dir/build.make:76: CMakeFiles/robot_subscriber_node.dir/src/robot_subscriber.cpp.o] Error 1
gmake[1]: *** [CMakeFiles/Makefile2:165: CMakeFiles/robot_subscriber_node.dir/all] Error 2
gmake: *** [Makefile:146: all] Error 2
