[0.006s] Invoking command in '/home/yalcinolgac/ros2_ws/build/day2_2': AMENT_PREFIX_PATH=/home/yalcinolgac/ros2_ws/install/day2:${AMENT_PREFIX_PATH} CMAKE_PREFIX_PATH=/home/yalcinolgac/ros2_ws/install/day2:/home/yalcinolgac/ros2_ws/install/day1:/opt/ros/jazzy/opt/gz_sim_vendor:/opt/ros/jazzy/opt/gz_sensors_vendor:/opt/ros/jazzy/opt/gz_physics_vendor:/opt/ros/jazzy/opt/sdformat_vendor:/opt/ros/jazzy/opt/gz_gui_vendor:/opt/ros/jazzy/opt/gz_transport_vendor:/opt/ros/jazzy/opt/gz_rendering_vendor:/opt/ros/jazzy/opt/gz_plugin_vendor:/opt/ros/jazzy/opt/gz_fuel_tools_vendor:/opt/ros/jazzy/opt/gz_msgs_vendor:/opt/ros/jazzy/opt/gz_common_vendor:/opt/ros/jazzy/opt/gz_math_vendor:/opt/ros/jazzy/opt/gz_utils_vendor:/opt/ros/jazzy/opt/gz_tools_vendor:/opt/ros/jazzy/opt/gz_ogre_next_vendor:/opt/ros/jazzy/opt/gz_dartsim_vendor:/opt/ros/jazzy/opt/gz_cmake_vendor:/opt/ros/jazzy LD_LIBRARY_PATH=/home/yalcinolgac/ros2_ws/install/day2/lib:${LD_LIBRARY_PATH} PYTHONPATH=/home/yalcinolgac/ros2_ws/install/day2/lib/python3.12/site-packages:${PYTHONPATH} /usr/bin/cmake /home/yalcinolgac/ros2_ws/src/day2_2 -DCMAKE_INSTALL_PREFIX=/home/yalcinolgac/ros2_ws/install/day2_2
[0.014s] -- Found ament_cmake: 2.5.4 (/opt/ros/jazzy/share/ament_cmake/cmake)
[0.131s] -- Found rclcpp: 28.1.9 (/opt/ros/jazzy/share/rclcpp/cmake)
[0.150s] -- Found rosidl_generator_c: 4.6.5 (/opt/ros/jazzy/share/rosidl_generator_c/cmake)
[0.155s] -- Found rosidl_generator_cpp: 4.6.5 (/opt/ros/jazzy/share/rosidl_generator_cpp/cmake)
[0.161s] -- Using all available rosidl_typesupport_c: rosidl_typesupport_fastrtps_c;rosidl_typesupport_introspection_c
[0.168s] -- Using all available rosidl_typesupport_cpp: rosidl_typesupport_fastrtps_cpp;rosidl_typesupport_introspection_cpp
[0.201s] -- Found rmw_implementation_cmake: 7.3.2 (/opt/ros/jazzy/share/rmw_implementation_cmake/cmake)
[0.202s] -- Found rmw_fastrtps_cpp: 8.4.2 (/opt/ros/jazzy/share/rmw_fastrtps_cpp/cmake)
[0.238s] -- Using RMW implementation 'rmw_fastrtps_cpp' as default
[0.271s] -- Found std_msgs: 5.3.6 (/opt/ros/jazzy/share/std_msgs/cmake)
[0.279s] -- Found geometry_msgs: 5.3.6 (/opt/ros/jazzy/share/geometry_msgs/cmake)
[0.286s] -- Found day2: 1.0.0 (/home/yalcinolgac/ros2_ws/install/day2/share/day2/cmake)
[0.352s] -- Configuring done (0.3s)
[0.364s] -- Generating done (0.0s)
[0.367s] -- Build files have been written to: /home/yalcinolgac/ros2_ws/build/day2_2
[0.371s] Invoked command in '/home/yalcinolgac/ros2_ws/build/day2_2' returned '0': AMENT_PREFIX_PATH=/home/yalcinolgac/ros2_ws/install/day2:${AMENT_PREFIX_PATH} CMAKE_PREFIX_PATH=/home/yalcinolgac/ros2_ws/install/day2:/home/yalcinolgac/ros2_ws/install/day1:/opt/ros/jazzy/opt/gz_sim_vendor:/opt/ros/jazzy/opt/gz_sensors_vendor:/opt/ros/jazzy/opt/gz_physics_vendor:/opt/ros/jazzy/opt/sdformat_vendor:/opt/ros/jazzy/opt/gz_gui_vendor:/opt/ros/jazzy/opt/gz_transport_vendor:/opt/ros/jazzy/opt/gz_rendering_vendor:/opt/ros/jazzy/opt/gz_plugin_vendor:/opt/ros/jazzy/opt/gz_fuel_tools_vendor:/opt/ros/jazzy/opt/gz_msgs_vendor:/opt/ros/jazzy/opt/gz_common_vendor:/opt/ros/jazzy/opt/gz_math_vendor:/opt/ros/jazzy/opt/gz_utils_vendor:/opt/ros/jazzy/opt/gz_tools_vendor:/opt/ros/jazzy/opt/gz_ogre_next_vendor:/opt/ros/jazzy/opt/gz_dartsim_vendor:/opt/ros/jazzy/opt/gz_cmake_vendor:/opt/ros/jazzy LD_LIBRARY_PATH=/home/yalcinolgac/ros2_ws/install/day2/lib:${LD_LIBRARY_PATH} PYTHONPATH=/home/yalcinolgac/ros2_ws/install/day2/lib/python3.12/site-packages:${PYTHONPATH} /usr/bin/cmake /home/yalcinolgac/ros2_ws/src/day2_2 -DCMAKE_INSTALL_PREFIX=/home/yalcinolgac/ros2_ws/install/day2_2
[0.372s] Invoking command in '/home/yalcinolgac/ros2_ws/build/day2_2': AMENT_PREFIX_PATH=/home/yalcinolgac/ros2_ws/install/day2:${AMENT_PREFIX_PATH} CMAKE_PREFIX_PATH=/home/yalcinolgac/ros2_ws/install/day2:/home/yalcinolgac/ros2_ws/install/day1:/opt/ros/jazzy/opt/gz_sim_vendor:/opt/ros/jazzy/opt/gz_sensors_vendor:/opt/ros/jazzy/opt/gz_physics_vendor:/opt/ros/jazzy/opt/sdformat_vendor:/opt/ros/jazzy/opt/gz_gui_vendor:/opt/ros/jazzy/opt/gz_transport_vendor:/opt/ros/jazzy/opt/gz_rendering_vendor:/opt/ros/jazzy/opt/gz_plugin_vendor:/opt/ros/jazzy/opt/gz_fuel_tools_vendor:/opt/ros/jazzy/opt/gz_msgs_vendor:/opt/ros/jazzy/opt/gz_common_vendor:/opt/ros/jazzy/opt/gz_math_vendor:/opt/ros/jazzy/opt/gz_utils_vendor:/opt/ros/jazzy/opt/gz_tools_vendor:/opt/ros/jazzy/opt/gz_ogre_next_vendor:/opt/ros/jazzy/opt/gz_dartsim_vendor:/opt/ros/jazzy/opt/gz_cmake_vendor:/opt/ros/jazzy LD_LIBRARY_PATH=/home/yalcinolgac/ros2_ws/install/day2/lib:${LD_LIBRARY_PATH} PYTHONPATH=/home/yalcinolgac/ros2_ws/install/day2/lib/python3.12/site-packages:${PYTHONPATH} /usr/bin/cmake --build /home/yalcinolgac/ros2_ws/build/day2_2 -- -j32 -l32
[0.402s] [ 50%] [32mBuilding CXX object CMakeFiles/robot_subscriber_node.dir/src/robot_subscriber.cpp.o[0m
[0.402s] [ 50%] [32mBuilding CXX object CMakeFiles/robot_publisher_node.dir/src/robot_publisher.cpp.o[0m
[0.639s] [01m[K/home/yalcinolgac/ros2_ws/src/day2_2/src/robot_subscriber.cpp:8:10:[m[K [01;31m[Kfatal error: [m[Krobot_interfaces/msg/robot_status.hpp: No such file or directory
[0.639s]     8 | #include [01;31m[K"robot_interfaces/msg/robot_status.hpp"[m[K
[0.639s]       |          [01;31m[K^~~~~~~~~~~~~~~~~~~~~~~~~~~~~~~~~~~~~~~[m[K
[0.639s] [01m[K/home/yalcinolgac/ros2_ws/src/day2_2/src/robot_publisher.cpp:8:10:[m[K [01;31m[Kfatal error: [m[Krobot_interfaces/msg/robot_status.hpp: No such file or directory
[0.639s]     8 | #include [01;31m[K"robot_interfaces/msg/robot_status.hpp"[m[K    // Custom message include
[0.639s]       |          [01;31m[K^~~~~~~~~~~~~~~~~~~~~~~~~~~~~~~~~~~~~~~[m[K
[0.639s] compilation terminated.
[0.639s] compilation terminated.
[0.641s] gmake[2]: *** [CMakeFiles/robot_publisher_node.dir/build.make:76: CMakeFiles/robot_publisher_node.dir/src/robot_publisher.cpp.o] Error 1
[0.641s] gmake[1]: *** [CMakeFiles/Makefile2:139: CMakeFiles/robot_publisher_node.dir/all] Error 2
[0.641s] gmake[1]: *** Waiting for unfinished jobs....
[0.642s] gmake[2]: *** [CMakeFiles/robot_subscriber_node.dir/build.make:76: CMakeFiles/robot_subscriber_node.dir/src/robot_subscriber.cpp.o] Error 1
[0.642s] gmake[1]: *** [CMakeFiles/Makefile2:165: CMakeFiles/robot_subscriber_node.dir/all] Error 2
[0.642s] gmake: *** [Makefile:146: all] Error 2
[0.644s] Invoked command in '/home/yalcinolgac/ros2_ws/build/day2_2' returned '2': AMENT_PREFIX_PATH=/home/yalcinolgac/ros2_ws/install/day2:${AMENT_PREFIX_PATH} CMAKE_PREFIX_PATH=/home/yalcinolgac/ros2_ws/install/day2:/home/yalcinolgac/ros2_ws/install/day1:/opt/ros/jazzy/opt/gz_sim_vendor:/opt/ros/jazzy/opt/gz_sensors_vendor:/opt/ros/jazzy/opt/gz_physics_vendor:/opt/ros/jazzy/opt/sdformat_vendor:/opt/ros/jazzy/opt/gz_gui_vendor:/opt/ros/jazzy/opt/gz_transport_vendor:/opt/ros/jazzy/opt/gz_rendering_vendor:/opt/ros/jazzy/opt/gz_plugin_vendor:/opt/ros/jazzy/opt/gz_fuel_tools_vendor:/opt/ros/jazzy/opt/gz_msgs_vendor:/opt/ros/jazzy/opt/gz_common_vendor:/opt/ros/jazzy/opt/gz_math_vendor:/opt/ros/jazzy/opt/gz_utils_vendor:/opt/ros/jazzy/opt/gz_tools_vendor:/opt/ros/jazzy/opt/gz_ogre_next_vendor:/opt/ros/jazzy/opt/gz_dartsim_vendor:/opt/ros/jazzy/opt/gz_cmake_vendor:/opt/ros/jazzy LD_LIBRARY_PATH=/home/yalcinolgac/ros2_ws/install/day2/lib:${LD_LIBRARY_PATH} PYTHONPATH=/home/yalcinolgac/ros2_ws/install/day2/lib/python3.12/site-packages:${PYTHONPATH} /usr/bin/cmake --build /home/yalcinolgac/ros2_ws/build/day2_2 -- -j32 -l32
