[0.007s] Invoking command in '/home/yalcinolgac/ros2_ws/build/day2_2': AMENT_PREFIX_PATH=/home/yalcinolgac/ros2_ws/install/day2:${AMENT_PREFIX_PATH} CMAKE_PREFIX_PATH=/home/yalcinolgac/ros2_ws/install/day2:/home/yalcinolgac/ros2_ws/install/day1:/opt/ros/jazzy/opt/gz_sim_vendor:/opt/ros/jazzy/opt/gz_sensors_vendor:/opt/ros/jazzy/opt/gz_physics_vendor:/opt/ros/jazzy/opt/sdformat_vendor:/opt/ros/jazzy/opt/gz_gui_vendor:/opt/ros/jazzy/opt/gz_transport_vendor:/opt/ros/jazzy/opt/gz_rendering_vendor:/opt/ros/jazzy/opt/gz_plugin_vendor:/opt/ros/jazzy/opt/gz_fuel_tools_vendor:/opt/ros/jazzy/opt/gz_msgs_vendor:/opt/ros/jazzy/opt/gz_common_vendor:/opt/ros/jazzy/opt/gz_math_vendor:/opt/ros/jazzy/opt/gz_utils_vendor:/opt/ros/jazzy/opt/gz_tools_vendor:/opt/ros/jazzy/opt/gz_ogre_next_vendor:/opt/ros/jazzy/opt/gz_dartsim_vendor:/opt/ros/jazzy/opt/gz_cmake_vendor:/opt/ros/jazzy LD_LIBRARY_PATH=/home/yalcinolgac/ros2_ws/install/day2/lib:${LD_LIBRARY_PATH} PYTHONPATH=/home/yalcinolgac/ros2_ws/install/day2/lib/python3.12/site-packages:${PYTHONPATH} /usr/bin/cmake --build /home/yalcinolgac/ros2_ws/build/day2_2 -- -j32 -l32
[0.044s] [ 50%] [32mBuilding CXX object CMakeFiles/robot_subscriber_node.dir/src/robot_subscriber.cpp.o[0m
[0.044s] [ 50%] [32mBuilding CXX object CMakeFiles/robot_publisher_node.dir/src/robot_publisher.cpp.o[0m
[1.402s] In file included from [01m[K/opt/ros/jazzy/include/rclcpp/rclcpp/logging.hpp:24[m[K,
[1.402s]                  from [01m[K/opt/ros/jazzy/include/rclcpp/rclcpp/copy_all_parameter_values.hpp:27[m[K,
[1.403s]                  from [01m[K/opt/ros/jazzy/include/rclcpp/rclcpp/rclcpp.hpp:171[m[K,
[1.403s]                  from [01m[K/home/yalcinolgac/ros2_ws/src/day2_2/src/robot_subscriber.cpp:7[m[K:
[1.403s] [01m[K/home/yalcinolgac/ros2_ws/src/day2_2/src/robot_subscriber.cpp:[m[K In member function â€˜[01m[Kvoid RobotStatusSubscriber::[01;32m[Kstatus_callback[m[K(day2::msg::RobotStatus_<std::allocator<void> >::SharedPtr)[m[Kâ€™:
[1.403s] [01m[K/home/yalcinolgac/ros2_ws/src/day2_2/src/robot_subscriber.cpp:36:46:[m[K [01;31m[Kerror: [m[Kcannot convert â€˜[01m[Kstd::__cxx11::basic_string<char>[m[Kâ€™ to â€˜[01m[Kconst char*[m[Kâ€™
[1.403s]    36 |         RCLCPP_INFO(this->get_logger(), [01;31m[K"\n" + create_status_report(msg)[m[K);
[1.403s]       |                                         [01;31m[K~~~~~^~~~~~~~~~~~~~~~~~~~~~~~~~~[m[K
[1.403s]       |                                              [01;31m[K|[m[K
[1.403s]       |                                              [01;31m[Kstd::__cxx11::basic_string<char>[m[K
[1.403s] In file included from [01m[K/opt/ros/jazzy/include/rmw/rmw/types.h:28[m[K,
[1.403s]                  from [01m[K/opt/ros/jazzy/include/rcl/rcl/types.h:20[m[K,
[1.403s]                  from [01m[K/opt/ros/jazzy/include/rclcpp/rclcpp/exceptions/exceptions.hpp:23[m[K,
[1.403s]                  from [01m[K/opt/ros/jazzy/include/rclcpp/rclcpp/exceptions.hpp:18[m[K,
[1.403s]                  from [01m[K/opt/ros/jazzy/include/rclcpp/rclcpp/parameter.hpp:25[m[K,
[1.403s]                  from [01m[K/opt/ros/jazzy/include/rclcpp/rclcpp/copy_all_parameter_values.hpp:25[m[K:
[1.403s] [01m[K/opt/ros/jazzy/include/rcutils/rcutils/logging.h:473:16:[m[K [01;36m[Knote: [m[K  initializing argument 4 of â€˜[01m[Kvoid[01;32m[K rcutils_log_internal[m[K(const rcutils_log_location_t*, int, const char*, const char*, ...)[m[Kâ€™
[1.403s]   473 |   [01;36m[Kconst char * format[m[K,
[1.403s]       |   [01;36m[K~~~~~~~~~~~~~^~~~~~[m[K
[2.606s] gmake[2]: *** [CMakeFiles/robot_subscriber_node.dir/build.make:76: CMakeFiles/robot_subscriber_node.dir/src/robot_subscriber.cpp.o] Error 1
[2.606s] gmake[1]: *** [CMakeFiles/Makefile2:165: CMakeFiles/robot_subscriber_node.dir/all] Error 2
[2.606s] gmake[1]: *** Waiting for unfinished jobs....
[2.658s] [ 75%] [32m[1mLinking CXX executable robot_publisher_node[0m
[2.809s] [ 75%] Built target robot_publisher_node
[2.810s] gmake: *** [Makefile:146: all] Error 2
[2.811s] Invoked command in '/home/yalcinolgac/ros2_ws/build/day2_2' returned '2': AMENT_PREFIX_PATH=/home/yalcinolgac/ros2_ws/install/day2:${AMENT_PREFIX_PATH} CMAKE_PREFIX_PATH=/home/yalcinolgac/ros2_ws/install/day2:/home/yalcinolgac/ros2_ws/install/day1:/opt/ros/jazzy/opt/gz_sim_vendor:/opt/ros/jazzy/opt/gz_sensors_vendor:/opt/ros/jazzy/opt/gz_physics_vendor:/opt/ros/jazzy/opt/sdformat_vendor:/opt/ros/jazzy/opt/gz_gui_vendor:/opt/ros/jazzy/opt/gz_transport_vendor:/opt/ros/jazzy/opt/gz_rendering_vendor:/opt/ros/jazzy/opt/gz_plugin_vendor:/opt/ros/jazzy/opt/gz_fuel_tools_vendor:/opt/ros/jazzy/opt/gz_msgs_vendor:/opt/ros/jazzy/opt/gz_common_vendor:/opt/ros/jazzy/opt/gz_math_vendor:/opt/ros/jazzy/opt/gz_utils_vendor:/opt/ros/jazzy/opt/gz_tools_vendor:/opt/ros/jazzy/opt/gz_ogre_next_vendor:/opt/ros/jazzy/opt/gz_dartsim_vendor:/opt/ros/jazzy/opt/gz_cmake_vendor:/opt/ros/jazzy LD_LIBRARY_PATH=/home/yalcinolgac/ros2_ws/install/day2/lib:${LD_LIBRARY_PATH} PYTHONPATH=/home/yalcinolgac/ros2_ws/install/day2/lib/python3.12/site-packages:${PYTHONPATH} /usr/bin/cmake --build /home/yalcinolgac/ros2_ws/build/day2_2 -- -j32 -l32
