[0.007s] Invoking command in '/home/yalcinolgac/ros2_ws/build/day2_2': CMAKE_PREFIX_PATH=/home/yalcinolgac/ros2_ws/install/day2:/home/yalcinolgac/ros2_ws/install/day2_2:/home/yalcinolgac/ros2_ws/install/day1:/opt/ros/jazzy/opt/gz_sim_vendor:/opt/ros/jazzy/opt/gz_sensors_vendor:/opt/ros/jazzy/opt/gz_physics_vendor:/opt/ros/jazzy/opt/sdformat_vendor:/opt/ros/jazzy/opt/gz_gui_vendor:/opt/ros/jazzy/opt/gz_transport_vendor:/opt/ros/jazzy/opt/gz_rendering_vendor:/opt/ros/jazzy/opt/gz_plugin_vendor:/opt/ros/jazzy/opt/gz_fuel_tools_vendor:/opt/ros/jazzy/opt/gz_msgs_vendor:/opt/ros/jazzy/opt/gz_common_vendor:/opt/ros/jazzy/opt/gz_math_vendor:/opt/ros/jazzy/opt/gz_utils_vendor:/opt/ros/jazzy/opt/gz_tools_vendor:/opt/ros/jazzy/opt/gz_ogre_next_vendor:/opt/ros/jazzy/opt/gz_dartsim_vendor:/opt/ros/jazzy/opt/gz_cmake_vendor:/opt/ros/jazzy DEBUGINFOD_URLS=https://debuginfod.ubuntu.com /usr/bin/cmake --build /home/yalcinolgac/ros2_ws/build/day2_2 -- -j32 -l32
[0.021s] -- Found ament_cmake: 2.5.4 (/opt/ros/jazzy/share/ament_cmake/cmake)
[0.139s] -- Found rclcpp: 28.1.9 (/opt/ros/jazzy/share/rclcpp/cmake)
[0.157s] -- Found rosidl_generator_c: 4.6.5 (/opt/ros/jazzy/share/rosidl_generator_c/cmake)
[0.161s] -- Found rosidl_generator_cpp: 4.6.5 (/opt/ros/jazzy/share/rosidl_generator_cpp/cmake)
[0.167s] -- Using all available rosidl_typesupport_c: rosidl_typesupport_fastrtps_c;rosidl_typesupport_introspection_c
[0.174s] -- Using all available rosidl_typesupport_cpp: rosidl_typesupport_fastrtps_cpp;rosidl_typesupport_introspection_cpp
[0.208s] -- Found rmw_implementation_cmake: 7.3.2 (/opt/ros/jazzy/share/rmw_implementation_cmake/cmake)
[0.209s] -- Found rmw_fastrtps_cpp: 8.4.2 (/opt/ros/jazzy/share/rmw_fastrtps_cpp/cmake)
[0.248s] -- Using RMW implementation 'rmw_fastrtps_cpp' as default
[0.283s] -- Found std_msgs: 5.3.6 (/opt/ros/jazzy/share/std_msgs/cmake)
[0.290s] -- Found geometry_msgs: 5.3.6 (/opt/ros/jazzy/share/geometry_msgs/cmake)
[0.297s] -- Found day2: 1.0.0 (/home/yalcinolgac/ros2_ws/install/day2/share/day2/cmake)
[0.334s] -- Found rclcpp_action: 28.1.9 (/opt/ros/jazzy/share/rclcpp_action/cmake)
[0.408s] -- Configuring done (0.4s)
[0.446s] -- Generating done (0.0s)
[0.456s] -- Build files have been written to: /home/yalcinolgac/ros2_ws/build/day2_2
[0.483s] [  4%] [32mBuilding CXX object CMakeFiles/navigate_action_client.dir/src/navigate_action_client.cpp.o[0m
[0.484s] [  9%] [32mBuilding CXX object CMakeFiles/navigate_action_server.dir/src/navigate_action_server.cpp.o[0m
[0.488s] [ 18%] [32mBuilding CXX object CMakeFiles/robot_publisher_node.dir/src/robot_publisher.cpp.o[0m
[0.488s] [ 18%] [32mBuilding CXX object CMakeFiles/filtering_subscriber_node.dir/src/filtering_subscriber.cpp.o[0m
[0.488s] [ 22%] [32mBuilding CXX object CMakeFiles/message_analyzer_node.dir/src/message_analyzer.cpp.o[0m
[0.490s] [ 27%] [32mBuilding CXX object CMakeFiles/robot_command_server_node.dir/src/robot_command_server.cpp.o[0m
[0.491s] [ 31%] [32mBuilding CXX object CMakeFiles/performance_test_node.dir/src/performance_test.cpp.o[0m
[0.491s] [ 36%] [32mBuilding CXX object CMakeFiles/robot_subscriber_node.dir/src/robot_subscriber.cpp.o[0m
[0.493s] [ 40%] [32mBuilding CXX object CMakeFiles/sensor_simulator_node.dir/src/sensor_simulator.cpp.o[0m
[0.494s] [ 45%] [32mBuilding CXX object CMakeFiles/robot_command_client_node.dir/src/robot_command_client.cpp.o[0m
[0.495s] [ 50%] [32mBuilding CXX object CMakeFiles/robot_status_service_node.dir/src/robot_status_service.cpp.o[0m
[2.750s] [01m[K/home/yalcinolgac/ros2_ws/src/day2_2/src/robot_command_server.cpp:[m[K In member function â€˜[01m[Kvoid RobotCommandServer::[01;32m[Khandle_stop_command[m[K(std::shared_ptr<day2::srv::RobotCommand_Request_<std::allocator<void> > >, std::shared_ptr<day2::srv::RobotCommand_Response_<std::allocator<void> > >)[m[Kâ€™:
[2.750s] [01m[K/home/yalcinolgac/ros2_ws/src/day2_2/src/robot_command_server.cpp:184:65:[m[K [01;35m[Kwarning: [m[Kunused parameter â€˜[01m[Krequest[m[Kâ€™ [[01;35m[K]8;;https://gcc.gnu.org/onlinedocs/gcc/Warning-Options.html#index-Wunused-parameter-Wunused-parameter]8;;[m[K]
[2.750s]   184 |         [01;35m[Kconst std::shared_ptr<day2::srv::RobotCommand::Request> request[m[K,
[2.750s]       |         [01;35m[K~~~~~~~~~~~~~~~~~~~~~~~~~~~~~~~~~~~~~~~~~~~~~~~~~~~~~~~~^~~~~~~[m[K
[2.750s] [01m[K/home/yalcinolgac/ros2_ws/src/day2_2/src/robot_command_server.cpp:[m[K In member function â€˜[01m[Kvoid RobotCommandServer::[01;32m[Khandle_home_command[m[K(std::shared_ptr<day2::srv::RobotCommand_Request_<std::allocator<void> > >, std::shared_ptr<day2::srv::RobotCommand_Response_<std::allocator<void> > >)[m[Kâ€™:
[2.750s] [01m[K/home/yalcinolgac/ros2_ws/src/day2_2/src/robot_command_server.cpp:204:65:[m[K [01;35m[Kwarning: [m[Kunused parameter â€˜[01m[Krequest[m[Kâ€™ [[01;35m[K]8;;https://gcc.gnu.org/onlinedocs/gcc/Warning-Options.html#index-Wunused-parameter-Wunused-parameter]8;;[m[K]
[2.750s]   204 |         [01;35m[Kconst std::shared_ptr<day2::srv::RobotCommand::Request> request[m[K,
[2.750s]       |         [01;35m[K~~~~~~~~~~~~~~~~~~~~~~~~~~~~~~~~~~~~~~~~~~~~~~~~~~~~~~~~^~~~~~~[m[K
[2.750s] [01m[K/home/yalcinolgac/ros2_ws/src/day2_2/src/robot_command_server.cpp:[m[K In member function â€˜[01m[Kvoid RobotCommandServer::[01;32m[Khandle_status_command[m[K(std::shared_ptr<day2::srv::RobotCommand_Request_<std::allocator<void> > >, std::shared_ptr<day2::srv::RobotCommand_Response_<std::allocator<void> > >)[m[Kâ€™:
[2.750s] [01m[K/home/yalcinolgac/ros2_ws/src/day2_2/src/robot_command_server.cpp:235:65:[m[K [01;35m[Kwarning: [m[Kunused parameter â€˜[01m[Krequest[m[Kâ€™ [[01;35m[K]8;;https://gcc.gnu.org/onlinedocs/gcc/Warning-Options.html#index-Wunused-parameter-Wunused-parameter]8;;[m[K]
[2.750s]   235 |         [01;35m[Kconst std::shared_ptr<day2::srv::RobotCommand::Request> request[m[K,
[2.750s]       |         [01;35m[K~~~~~~~~~~~~~~~~~~~~~~~~~~~~~~~~~~~~~~~~~~~~~~~~~~~~~~~~^~~~~~~[m[K
[2.901s] [01m[K/home/yalcinolgac/ros2_ws/src/day2_2/src/navigate_action_server.cpp:[m[K In constructor â€˜[01m[KNavigateActionServer::[01;32m[KNavigateActionServer[m[K()[m[Kâ€™:
[2.901s] [01m[K/home/yalcinolgac/ros2_ws/src/day2_2/src/navigate_action_server.cpp:25:70:[m[K [01;31m[Kerror: [m[Kno matching function for call to â€˜[01m[Kcreate_server<NavigateAction>(NavigateActionServer*, const char [9], std::_Bind_helper<false, rclcpp_action::GoalResponse (NavigateActionServer::*)(const std::array<unsigned char, 16>&, std::shared_ptr<const day2::action::Navigate_Goal_<std::allocator<void> > >), NavigateActionServer*, const std::_Placeholder<1>&, const std::_Placeholder<2>&>::type, std::_Bind_helper<false, rclcpp_action::CancelResponse (NavigateActionServer::*)(std::shared_ptr<rclcpp_action::ServerGoalHandle<day2::action::Navigate> >), NavigateActionServer*, const std::_Placeholder<1>&>::type, std::_Bind_helper<false, void (NavigateActionServer::*)(std::shared_ptr<rclcpp_action::ServerGoalHandle<day2::action::Navigate> >), NavigateActionServer*, const std::_Placeholder<2>&>::type)[m[Kâ€™
[2.901s]    25 |         action_server_ = [01;31m[Krclcpp_action::create_server<NavigateAction>([m[K
[2.901s]       |                          [01;31m[K~~~~~~~~~~~~~~~~~~~~~~~~~~~~~~~~~~~~~~~~~~~~^[m[K
[2.901s]    26 | [01;31m[K            this,[m[K
[2.901s]       |             [01;31m[K~~~~~[m[K                                                     
[2.901s]    27 | [01;31m[K            "navigate",  // Action adÄ±[m[K
[2.901s]       |             [01;31m[K~~~~~~~~~~~~~~~~~~~~~~~~~~[m[K                                
[2.902s]    28 | [01;31m[K            std::bind(&NavigateActionServer::handle_goal, this, std::placeholders::_1, std::placeholders::_2),[m[K
[2.902s]       |             [01;31m[K~~~~~~~~~~~~~~~~~~~~~~~~~~~~~~~~~~~~~~~~~~~~~~~~~~~~~~~~~~~~~~~~~~~~~~~~~~~~~~~~~~~~~~~~~~~~~~~~~~[m[K
[2.902s]    29 | [01;31m[K            std::bind(&NavigateActionServer::handle_cancel, this, std::placeholders::_1),[m[K
[2.902s]       |             [01;31m[K~~~~~~~~~~~~~~~~~~~~~~~~~~~~~~~~~~~~~~~~~~~~~~~~~~~~~~~~~~~~~~~~~~~~~~~~~~~~~[m[K
[2.902s]    30 | [01;31m[K            std::bind(&NavigateActionServer::handle_accepted, this, std::placeholders::_2))[m[K;
[2.902s]       |             [01;31m[K~~~~~~~~~~~~~~~~~~~~~~~~~~~~~~~~~~~~~~~~~~~~~~~~~~~~~~~~~~~~~~~~~~~~~~~~~~~~~~~[m[K
[2.903s] In file included from [01m[K/opt/ros/jazzy/include/rclcpp_action/rclcpp_action/rclcpp_action.hpp:39[m[K,
[2.903s]                  from [01m[K/home/yalcinolgac/ros2_ws/src/day2_2/src/navigate_action_server.cpp:6[m[K:
[2.903s] [01m[K/opt/ros/jazzy/include/rclcpp_action/rclcpp_action/create_server.hpp:58:1:[m[K [01;36m[Knote: [m[Kcandidate: â€˜[01m[Ktemplate<class ActionT> typename rclcpp_action::Server<ActionT>::SharedPtr rclcpp_action::[01;32m[Kcreate_server[m[K(rclcpp::node_interfaces::NodeBaseInterface::SharedPtr, rclcpp::node_interfaces::NodeClockInterface::SharedPtr, rclcpp::node_interfaces::NodeLoggingInterface::SharedPtr, rclcpp::node_interfaces::NodeWaitablesInterface::SharedPtr, const std::string&, typename Server<ActionT>::GoalCallback, typename Server<ActionT>::CancelCallback, typename Server<ActionT>::AcceptedCallback, const rcl_action_server_options_t&, rclcpp::CallbackGroup::SharedPtr)[m[Kâ€™
[2.903s]    58 | [01;36m[Kcreate_server[m[K(
[2.903s]       | [01;36m[K^~~~~~~~~~~~~[m[K
[2.903s] [01m[K/opt/ros/jazzy/include/rclcpp_action/rclcpp_action/create_server.hpp:58:1:[m[K [01;36m[Knote: [m[K  candidate expects 8 arguments, 5 provided
[2.903s] [01m[K/opt/ros/jazzy/include/rclcpp_action/rclcpp_action/create_server.hpp:132:1:[m[K [01;36m[Knote: [m[Kcandidate: â€˜[01m[Ktemplate<class ActionT, class NodeT> typename rclcpp_action::Server<ActionT>::SharedPtr rclcpp_action::[01;32m[Kcreate_server[m[K(NodeT, const std::string&, typename Server<ActionT>::GoalCallback, typename Server<ActionT>::CancelCallback, typename Server<ActionT>::AcceptedCallback, const rcl_action_server_options_t&, rclcpp::CallbackGroup::SharedPtr)[m[Kâ€™
[2.903s]   132 | [01;36m[Kcreate_server[m[K(
[2.903s]       | [01;36m[K^~~~~~~~~~~~~[m[K
[2.903s] [01m[K/opt/ros/jazzy/include/rclcpp_action/rclcpp_action/create_server.hpp:132:1:[m[K [01;36m[Knote: [m[K  template argument deduction/substitution failed:
[2.903s] [01m[K/home/yalcinolgac/ros2_ws/src/day2_2/src/navigate_action_server.cpp:30:22:[m[K [01;36m[Knote: [m[K  cannot convert â€˜[01m[Kstd::bind(_Func&&, _BoundArgs&& ...) [with _Func = void (NavigateActionServer::*)(shared_ptr<rclcpp_action::ServerGoalHandle<day2::action::Navigate> >); _BoundArgs = {NavigateActionServer*, const _Placeholder<2>&}; typename _Bind_helper<__is_socketlike<_Func>::value, _Func, _BoundArgs ...>::type = _Bind_helper<false, void (NavigateActionServer::*)(shared_ptr<rclcpp_action::ServerGoalHandle<day2::action::Navigate> >), NavigateActionServer*, const _Placeholder<2>&>::type; __is_socketlike<_Func> = __is_socketlike<void (NavigateActionServer::*)(shared_ptr<rclcpp_action::ServerGoalHandle<day2::action::Navigate> >), void (NavigateActionServer::*)(shared_ptr<rclcpp_action::ServerGoalHandle<day2::action::Navigate> >)>; typename decay<_Tp>::type = void (NavigateActionServer::*)(shared_ptr<rclcpp_action::ServerGoalHandle<day2::action::Navigate> >)](((NavigateActionServer*)this), std::placeholders::_2)[m[Kâ€™ (type â€˜[01m[Kstd::_Bind_helper<false, void (NavigateActionServer::*)(std::shared_ptr<rclcpp_action::ServerGoalHandle<day2::action::Navigate> >), NavigateActionServer*, const std::_Placeholder<2>&>::type[m[Kâ€™) to type â€˜[01m[Krclcpp_action::Server<day2::action::Navigate>::AcceptedCallback[m[Kâ€™ {aka â€˜[01m[Kstd::function<void(std::shared_ptr<rclcpp_action::ServerGoalHandle<day2::action::Navigate> >)>[m[Kâ€™}
[2.903s]    30 |             [01;36m[Kstd::bind(&NavigateActionServer::handle_accepted, this, std::placeholders::_2)[m[K);
[2.903s]       |             [01;36m[K~~~~~~~~~^~~~~~~~~~~~~~~~~~~~~~~~~~~~~~~~~~~~~~~~~~~~~~~~~~~~~~~~~~~~~~~~~~~~~[m[K
[3.020s] [01m[K/home/yalcinolgac/ros2_ws/src/day2_2/src/navigate_action_client.cpp:[m[K In member function â€˜[01m[Kvoid NavigateActionClient::[01;32m[Ksend_navigation_goal[m[K(const day2::action::Navigate::Goal&)[m[Kâ€™:
[3.020s] [01m[K/home/yalcinolgac/ros2_ws/src/day2_2/src/navigate_action_client.cpp:216:13:[m[K [01;31m[Kerror: [m[Kno match for â€˜[01m[Koperator=[m[Kâ€™ (operand types are â€˜[01m[Krclcpp_action::Client<day2::action::Navigate>::GoalResponseCallback[m[Kâ€™ {aka â€˜[01m[Kstd::function<void(std::shared_ptr<rclcpp_action::ClientGoalHandle<day2::action::Navigate> >)>[m[Kâ€™} and â€˜[01m[KNavigateActionClient::send_navigation_goal(const day2::action::Navigate::Goal&)::<lambda(std::shared_future<std::shared_ptr<rclcpp_action::ClientGoalHandle<day2::action::Navigate> > >)>[m[Kâ€™)
[3.020s]   216 |             [01;31m[K}[m[K;
[3.020s]       |             [01;31m[K^[m[K
[3.020s] In file included from [01m[K/usr/include/c++/13/functional:59[m[K,
[3.020s]                  from [01m[K/opt/ros/jazzy/include/rclcpp/rclcpp/utilities.hpp:19[m[K,
[3.020s]                  from [01m[K/opt/ros/jazzy/include/rclcpp/rclcpp/logging.hpp:25[m[K,
[3.020s]                  from [01m[K/opt/ros/jazzy/include/rclcpp/rclcpp/copy_all_parameter_values.hpp:27[m[K,
[3.020s]                  from [01m[K/opt/ros/jazzy/include/rclcpp/rclcpp/rclcpp.hpp:171[m[K,
[3.020s]                  from [01m[K/home/yalcinolgac/ros2_ws/src/day2_2/src/navigate_action_client.cpp:6[m[K:
[3.020s] [01m[K/usr/include/c++/13/bits/std_function.h:531:9:[m[K [01;36m[Knote: [m[Kcandidate: â€˜[01m[Ktemplate<class _Functor> std::function<_Res(_ArgTypes ...)>::_Requires<std::function<_Res(_ArgTypes ...)>::_Callable<_Functor>, std::function<_Res(_ArgTypes ...)>&> std::function<_Res(_ArgTypes ...)>::[01;32m[Koperator=[m[K(_Functor&&) [35m[K[with _Res = void; _ArgTypes = {std::shared_ptr<rclcpp_action::ClientGoalHandle<day2::action::Navigate> >}][m[K[m[Kâ€™
[3.020s]   531 |         [01;36m[Koperator[m[K=(_Functor&& __f)
[3.020s]       |         [01;36m[K^~~~~~~~[m[K
[3.020s] [01m[K/usr/include/c++/13/bits/std_function.h:531:9:[m[K [01;36m[Knote: [m[K  template argument deduction/substitution failed:
[3.020s] In file included from [01m[K/usr/include/c++/13/bits/move.h:37[m[K,
[3.020s]                  from [01m[K/usr/include/c++/13/bits/new_allocator.h:36[m[K,
[3.020s]                  from [01m[K/usr/include/x86_64-linux-gnu/c++/13/bits/c++allocator.h:33[m[K,
[3.020s]                  from [01m[K/usr/include/c++/13/bits/allocator.h:46[m[K,
[3.020s]                  from [01m[K/usr/include/c++/13/memory:65[m[K,
[3.020s]                  from [01m[K/home/yalcinolgac/ros2_ws/src/day2_2/src/navigate_action_client.cpp:1[m[K:
[3.020s] /usr/include/c++/13/type_traits: In substitution of â€˜[01m[Ktemplate<bool _Cond, class _Tp> using std::__enable_if_t = typename std::enable_if::type [35m[K[with bool _Cond = false; _Tp = std::function<void(std::shared_ptr<rclcpp_action::ClientGoalHandle<day2::action::Navigate> >)>&][m[K[m[Kâ€™:
[3.020s] [01m[K/usr/include/c++/13/bits/std_function.h:353:8:[m[K   required by substitution of â€˜[01m[Ktemplate<class _Res, class ... _ArgTypes> template<class _Cond, class _Tp> using std::function<_Res(_ArgTypes ...)>::_Requires = std::__enable_if_t<_Cond::value, _Tp> [35m[K[with _Cond = std::function<void(std::shared_ptr<rclcpp_action::ClientGoalHandle<day2::action::Navigate> >)>::_Callable<NavigateActionClient::send_navigation_goal(const day2::action::Navigate::Goal&)::<lambda(std::shared_future<std::shared_ptr<rclcpp_action::ClientGoalHandle<day2::action::Navigate> > >)>, NavigateActionClient::send_navigation_goal(const day2::action::Navigate::Goal&)::<lambda(std::shared_future<std::shared_ptr<rclcpp_action::ClientGoalHandle<day2::action::Navigate> > >)>, std::__invoke_result<NavigateActionClient::send_navigation_goal(const day2::action::Navigate::Goal&)::<lambda(std::shared_future<std::shared_ptr<rclcpp_action::ClientGoalHandle<day2::action::Navigate> > >)>&, std::shared_ptr<rclcpp_action::ClientGoalHandle<day2::action::Navigate> > > >; _Tp = std::function<void(std::shared_ptr<rclcpp_action::ClientGoalHandle<day2::action::Navigate> >)>&; _Res = void; _ArgTypes = {std::shared_ptr<rclcpp_action::ClientGoalHandle<day2::action::Navigate> >}][m[K[m[Kâ€™
[3.020s] [01m[K/usr/include/c++/13/bits/std_function.h:531:2:[m[K   required by substitution of â€˜[01m[Ktemplate<class _Functor> std::function<void(std::shared_ptr<rclcpp_action::ClientGoalHandle<day2::action::Navigate> >)>::_Requires<std::function<void(std::shared_ptr<rclcpp_action::ClientGoalHandle<day2::action::Navigate> >)>::_Callable<_Functor, typename std::enable_if<(! std::is_same<typename std::remove_cv<typename std::remove_reference<_Tp>::type>::type, std::function<void(std::shared_ptr<rclcpp_action::ClientGoalHandle<day2::action::Navigate> >)> >::value), std::decay<_Ex> >::type::type, std::__invoke_result<typename std::enable_if<(! std::is_same<typename std::remove_cv<typename std::remove_reference<_Tp>::type>::type, std::function<void(std::shared_ptr<rclcpp_action::ClientGoalHandle<day2::action::Navigate> >)> >::value), std::decay<_Ex> >::type::type&, std::shared_ptr<rclcpp_action::ClientGoalHandle<day2::action::Navigate> > > >, std::function<void(std::shared_ptr<rclcpp_action::ClientGoalHandle<day2::action::Navigate> >)>&> std::function<void(std::shared_ptr<rclcpp_action::ClientGoalHandle<day2::action::Navigate> >)>::[01;32m[Koperator=[m[K(_Functor&&) [35m[K[with _Functor = NavigateActionClient::send_navigation_goal(const day2::action::Navigate::Goal&)::<lambda(std::shared_future<std::shared_ptr<rclcpp_action::ClientGoalHandle<day2::action::Navigate> > >)>][m[K[m[Kâ€™
[3.020s] [01m[K/home/yalcinolgac/ros2_ws/src/day2_2/src/navigate_action_client.cpp:216:13:[m[K   required from here
[3.020s] [01m[K/usr/include/c++/13/type_traits:116:11:[m[K [01;31m[Kerror: [m[Kno type named â€˜[01m[Ktype[m[Kâ€™ in â€˜[01m[Kstruct std::enable_if<false, std::function<void(std::shared_ptr<rclcpp_action::ClientGoalHandle<day2::action::Navigate> >)>&>[m[Kâ€™
[3.020s]   116 |     using [01;31m[K__enable_if_t[m[K = typename enable_if<_Cond, _Tp>::type;
[3.020s]       |           [01;31m[K^~~~~~~~~~~~~[m[K
[3.020s] [01m[K/usr/include/c++/13/bits/std_function.h:541:9:[m[K [01;36m[Knote: [m[Kcandidate: â€˜[01m[Ktemplate<class _Functor> std::function<_Res(_ArgTypes ...)>& std::function<_Res(_ArgTypes ...)>::[01;32m[Koperator=[m[K(std::reference_wrapper<_Functor>) [35m[K[with _Res = void; _ArgTypes = {std::shared_ptr<rclcpp_action::ClientGoalHandle<day2::action::Navigate> >}][m[K[m[Kâ€™
[3.020s]   541 |         [01;36m[Koperator[m[K=(reference_wrapper<_Functor> __f) noexcept
[3.021s]       |         [01;36m[K^~~~~~~~[m[K
[3.021s] [01m[K/usr/include/c++/13/bits/std_function.h:541:9:[m[K [01;36m[Knote: [m[K  template argument deduction/substitution failed:
[3.021s] [01m[K/home/yalcinolgac/ros2_ws/src/day2_2/src/navigate_action_client.cpp:216:13:[m[K [01;36m[Knote: [m[K  â€˜[01m[KNavigateActionClient::send_navigation_goal(const day2::action::Navigate::Goal&)::<lambda(std::shared_future<std::shared_ptr<rclcpp_action::ClientGoalHandle<day2::action::Navigate> > >)>[m[Kâ€™ is not derived from â€˜[01m[Kstd::reference_wrapper<_Tp>[m[Kâ€™
[3.021s]   216 |             [01;36m[K}[m[K;
[3.021s]       |             [01;36m[K^[m[K
[3.021s] [01m[K/usr/include/c++/13/bits/std_function.h:469:7:[m[K [01;36m[Knote: [m[Kcandidate: â€˜[01m[Kstd::function<_Res(_ArgTypes ...)>& std::function<_Res(_ArgTypes ...)>::[01;32m[Koperator=[m[K(const std::function<_Res(_ArgTypes ...)>&) [35m[K[with _Res = void; _ArgTypes = {std::shared_ptr<rclcpp_action::ClientGoalHandle<day2::action::Navigate> >}][m[K[m[Kâ€™
[3.021s]   469 |       [01;36m[Koperator[m[K=(const function& __x)
[3.021s]       |       [01;36m[K^~~~~~~~[m[K
[3.021s] [01m[K/usr/include/c++/13/bits/std_function.h:469:33:[m[K [01;36m[Knote: [m[K  no known conversion for argument 1 from â€˜[01m[KNavigateActionClient::send_navigation_goal(const day2::action::Navigate::Goal&)::<lambda(std::shared_future<std::shared_ptr<rclcpp_action::ClientGoalHandle<day2::action::Navigate> > >)>[m[Kâ€™ to â€˜[01m[Kconst std::function<void(std::shared_ptr<rclcpp_action::ClientGoalHandle<day2::action::Navigate> >)>&[m[Kâ€™
[3.021s]   469 |       operator=([01;36m[Kconst function& __x[m[K)
[3.021s]       |                 [01;36m[K~~~~~~~~~~~~~~~~^~~[m[K
[3.021s] [01m[K/usr/include/c++/13/bits/std_function.h:487:7:[m[K [01;36m[Knote: [m[Kcandidate: â€˜[01m[Kstd::function<_Res(_ArgTypes ...)>& std::function<_Res(_ArgTypes ...)>::[01;32m[Koperator=[m[K(std::function<_Res(_ArgTypes ...)>&&) [35m[K[with _Res = void; _ArgTypes = {std::shared_ptr<rclcpp_action::ClientGoalHandle<day2::action::Navigate> >}][m[K[m[Kâ€™
[3.021s]   487 |       [01;36m[Koperator[m[K=(function&& __x) noexcept
[3.021s]       |       [01;36m[K^~~~~~~~[m[K
[3.021s] [01m[K/usr/include/c++/13/bits/std_function.h:487:28:[m[K [01;36m[Knote: [m[K  no known conversion for argument 1 from â€˜[01m[KNavigateActionClient::send_navigation_goal(const day2::action::Navigate::Goal&)::<lambda(std::shared_future<std::shared_ptr<rclcpp_action::ClientGoalHandle<day2::action::Navigate> > >)>[m[Kâ€™ to â€˜[01m[Kstd::function<void(std::shared_ptr<rclcpp_action::ClientGoalHandle<day2::action::Navigate> >)>&&[m[Kâ€™
[3.021s]   487 |       operator=([01;36m[Kfunction&& __x[m[K) noexcept
[3.021s]       |                 [01;36m[K~~~~~~~~~~~^~~[m[K
[3.021s] [01m[K/usr/include/c++/13/bits/std_function.h:501:7:[m[K [01;36m[Knote: [m[Kcandidate: â€˜[01m[Kstd::function<_Res(_ArgTypes ...)>& std::function<_Res(_ArgTypes ...)>::[01;32m[Koperator=[m[K(std::nullptr_t) [35m[K[with _Res = void; _ArgTypes = {std::shared_ptr<rclcpp_action::ClientGoalHandle<day2::action::Navigate> >}; std::nullptr_t = std::nullptr_t][m[K[m[Kâ€™
[3.021s]   501 |       [01;36m[Koperator[m[K=(nullptr_t) noexcept
[3.021s]       |       [01;36m[K^~~~~~~~[m[K
[3.021s] [01m[K/usr/include/c++/13/bits/std_function.h:501:17:[m[K [01;36m[Knote: [m[K  no known conversion for argument 1 from â€˜[01m[KNavigateActionClient::send_navigation_goal(const day2::action::Navigate::Goal&)::<lambda(std::shared_future<std::shared_ptr<rclcpp_action::ClientGoalHandle<day2::action::Navigate> > >)>[m[Kâ€™ to â€˜[01m[Kstd::nullptr_t[m[Kâ€™
[3.021s]   501 |       operator=([01;36m[Knullptr_t[m[K) noexcept
[3.021s]       |                 [01;36m[K^~~~~~~~~[m[K
[3.667s] gmake[2]: *** [CMakeFiles/navigate_action_server.dir/build.make:76: CMakeFiles/navigate_action_server.dir/src/navigate_action_server.cpp.o] Error 1
[3.667s] gmake[1]: *** [CMakeFiles/Makefile2:391: CMakeFiles/navigate_action_server.dir/all] Error 2
[3.667s] gmake[1]: *** Waiting for unfinished jobs....
[3.929s] gmake[2]: *** [CMakeFiles/navigate_action_client.dir/build.make:76: CMakeFiles/navigate_action_client.dir/src/navigate_action_client.cpp.o] Error 1
[3.929s] gmake[1]: *** [CMakeFiles/Makefile2:417: CMakeFiles/navigate_action_client.dir/all] Error 2
[3.996s] [ 54%] [32m[1mLinking CXX executable robot_command_client_node[0m
[4.165s] [ 54%] Built target robot_command_client_node
[4.536s] [ 59%] [32m[1mLinking CXX executable sensor_simulator_node[0m
[4.554s] [ 63%] [32m[1mLinking CXX executable robot_publisher_node[0m
[4.693s] [ 63%] Built target robot_publisher_node
[4.715s] [ 63%] Built target sensor_simulator_node
[5.168s] [ 68%] [32m[1mLinking CXX executable robot_command_server_node[0m
[5.305s] [ 68%] Built target robot_command_server_node
[6.385s] [ 72%] [32m[1mLinking CXX executable robot_subscriber_node[0m
[6.390s] [ 77%] [32m[1mLinking CXX executable performance_test_node[0m
[6.569s] [ 77%] Built target robot_subscriber_node
[6.595s] [ 77%] Built target performance_test_node
[6.762s] [ 81%] [32m[1mLinking CXX executable filtering_subscriber_node[0m
[6.951s] [ 81%] Built target filtering_subscriber_node
[7.784s] [ 86%] [32m[1mLinking CXX executable message_analyzer_node[0m
[7.995s] [ 86%] Built target message_analyzer_node
[8.209s] [ 90%] [32m[1mLinking CXX executable robot_status_service_node[0m
[8.439s] [ 90%] Built target robot_status_service_node
[8.441s] gmake: *** [Makefile:146: all] Error 2
[8.443s] Invoked command in '/home/yalcinolgac/ros2_ws/build/day2_2' returned '2': CMAKE_PREFIX_PATH=/home/yalcinolgac/ros2_ws/install/day2:/home/yalcinolgac/ros2_ws/install/day2_2:/home/yalcinolgac/ros2_ws/install/day1:/opt/ros/jazzy/opt/gz_sim_vendor:/opt/ros/jazzy/opt/gz_sensors_vendor:/opt/ros/jazzy/opt/gz_physics_vendor:/opt/ros/jazzy/opt/sdformat_vendor:/opt/ros/jazzy/opt/gz_gui_vendor:/opt/ros/jazzy/opt/gz_transport_vendor:/opt/ros/jazzy/opt/gz_rendering_vendor:/opt/ros/jazzy/opt/gz_plugin_vendor:/opt/ros/jazzy/opt/gz_fuel_tools_vendor:/opt/ros/jazzy/opt/gz_msgs_vendor:/opt/ros/jazzy/opt/gz_common_vendor:/opt/ros/jazzy/opt/gz_math_vendor:/opt/ros/jazzy/opt/gz_utils_vendor:/opt/ros/jazzy/opt/gz_tools_vendor:/opt/ros/jazzy/opt/gz_ogre_next_vendor:/opt/ros/jazzy/opt/gz_dartsim_vendor:/opt/ros/jazzy/opt/gz_cmake_vendor:/opt/ros/jazzy DEBUGINFOD_URLS=https://debuginfod.ubuntu.com /usr/bin/cmake --build /home/yalcinolgac/ros2_ws/build/day2_2 -- -j32 -l32
